In file included from [01m[K/home/rock/dev_ws/src/diffdrive_arduino/src/fake_robot.cpp:1[m[K:
[01m[K/home/rock/dev_ws/src/diffdrive_arduino/include/diffdrive_arduino/fake_robot.h:26:32:[m[K [01;31m[Kerror: [m[K‘[01m[KHardwareComponentInterfaceParams[m[K’ does not name a type; did you mean ‘[01m[KHardwareComponentInterface[m[K’?
   26 |   CallbackReturn on_init(const [01;31m[KHardwareComponentInterfaceParams[m[K & params) override;
      |                                [01;31m[K^~~~~~~~~~~~~~~~~~~~~~~~~~~~~~~~[m[K
      |                                [32m[KHardwareComponentInterface[m[K
[01m[K/home/rock/dev_ws/src/diffdrive_arduino/include/diffdrive_arduino/fake_robot.h:26:18:[m[K [01;31m[Kerror: [m[K‘[01m[Krclcpp_lifecycle::node_interfaces::LifecycleNodeInterface::CallbackReturn FakeRobot::[01;32m[Kon_init[m[K(const int&)[m[K’ marked ‘[01m[Koverride[m[K’, but does not override
   26 |   CallbackReturn [01;31m[Kon_init[m[K(const HardwareComponentInterfaceParams & params) override;
      |                  [01;31m[K^~~~~~~[m[K
[01m[K/home/rock/dev_ws/src/diffdrive_arduino/src/fake_robot.cpp:9:16:[m[K [01;31m[Kerror: [m[Kno declaration matches ‘[01m[Khardware_interface::CallbackReturn FakeRobot::[01;32m[Kon_init[m[K(const hardware_interface::HardwareInfo&)[m[K’
    9 | CallbackReturn [01;31m[KFakeRobot[m[K::on_init(const hardware_interface::HardwareInfo & info)
      |                [01;31m[K^~~~~~~~~[m[K
[01m[K/home/rock/dev_ws/src/diffdrive_arduino/include/diffdrive_arduino/fake_robot.h:26:18:[m[K [01;36m[Knote: [m[Kcandidate is: ‘[01m[Krclcpp_lifecycle::node_interfaces::LifecycleNodeInterface::CallbackReturn FakeRobot::[01;32m[Kon_init[m[K(const int&)[m[K’
   26 |   CallbackReturn [01;36m[Kon_init[m[K(const HardwareComponentInterfaceParams & params) override;
      |                  [01;36m[K^~~~~~~[m[K
[01m[K/home/rock/dev_ws/src/diffdrive_arduino/include/diffdrive_arduino/fake_robot.h:19:7:[m[K [01;36m[Knote: [m[K‘[01m[Kclass FakeRobot[m[K’ defined here
   19 | class [01;36m[KFakeRobot[m[K : public hardware_interface::SystemInterface
      |       [01;36m[K^~~~~~~~~[m[K
gmake[2]: *** [CMakeFiles/fake_robot.dir/build.make:76: CMakeFiles/fake_robot.dir/src/fake_robot.cpp.o] Error 1
gmake[1]: *** [CMakeFiles/Makefile2:165: CMakeFiles/fake_robot.dir/all] Error 2
gmake: *** [Makefile:146: all] Error 2
