[0.222s] DEBUG:colcon:Command line arguments: ['/usr/bin/colcon', 'build', '--symlink-install']
[0.222s] DEBUG:colcon:Parsed command line arguments: Namespace(log_base=None, log_level=None, verb_name='build', build_base='build', install_base='install', merge_install=False, symlink_install=True, test_result_base=None, continue_on_error=False, executor='parallel', parallel_workers=8, event_handlers=None, ignore_user_meta=False, metas=['./colcon.meta'], base_paths=['.'], packages_ignore=None, packages_ignore_regex=None, paths=None, packages_up_to=None, packages_up_to_regex=None, packages_above=None, packages_above_and_dependencies=None, packages_above_depth=None, packages_select_by_dep=None, packages_skip_by_dep=None, packages_skip_up_to=None, packages_select_build_failed=False, packages_skip_build_finished=False, packages_select_test_failures=False, packages_skip_test_passed=False, packages_select=None, packages_skip=None, packages_select_regex=None, packages_skip_regex=None, packages_start=None, packages_end=None, allow_overriding=[], cmake_args=None, cmake_target=None, cmake_target_skip_unavailable=False, cmake_clean_cache=False, cmake_clean_first=False, cmake_force_configure=False, ament_cmake_args=None, catkin_cmake_args=None, catkin_skip_building_tests=False, mixin_files=None, mixin=None, verb_parser=<colcon_mixin.mixin.mixin_argument.MixinArgumentDecorator object at 0x781ab00428a0>, verb_extension=<colcon_core.verb.build.BuildVerb object at 0x781ab0196cf0>, main=<bound method BuildVerb.main of <colcon_core.verb.build.BuildVerb object at 0x781ab0196cf0>>, mixin_verb=('build',))
[0.311s] Level 1:colcon.colcon_core.package_discovery:discover_packages(colcon_meta) check parameters
[0.311s] Level 1:colcon.colcon_core.package_discovery:discover_packages(recursive) check parameters
[0.311s] Level 1:colcon.colcon_core.package_discovery:discover_packages(ignore) check parameters
[0.311s] Level 1:colcon.colcon_core.package_discovery:discover_packages(path) check parameters
[0.311s] Level 1:colcon.colcon_core.package_discovery:discover_packages(colcon_meta) discover
[0.311s] Level 1:colcon.colcon_core.package_discovery:discover_packages(recursive) discover
[0.312s] INFO:colcon.colcon_core.package_discovery:Crawling recursively for packages in '/home/rock/dev_ws'
[0.312s] Level 1:colcon.colcon_core.package_identification:_identify(.) by extensions ['ignore', 'ignore_ament_install']
[0.312s] Level 1:colcon.colcon_core.package_identification:_identify(.) by extension 'ignore'
[0.312s] Level 1:colcon.colcon_core.package_identification:_identify(.) by extension 'ignore_ament_install'
[0.312s] Level 1:colcon.colcon_core.package_identification:_identify(.) by extensions ['colcon_pkg']
[0.312s] Level 1:colcon.colcon_core.package_identification:_identify(.) by extension 'colcon_pkg'
[0.312s] Level 1:colcon.colcon_core.package_identification:_identify(.) by extensions ['colcon_meta']
[0.312s] Level 1:colcon.colcon_core.package_identification:_identify(.) by extension 'colcon_meta'
[0.312s] Level 1:colcon.colcon_core.package_identification:_identify(.) by extensions ['ros']
[0.312s] Level 1:colcon.colcon_core.package_identification:_identify(.) by extension 'ros'
[0.363s] Level 1:colcon.colcon_core.package_identification:_identify(.) by extensions ['cmake', 'python']
[0.363s] Level 1:colcon.colcon_core.package_identification:_identify(.) by extension 'cmake'
[0.364s] Level 1:colcon.colcon_core.package_identification:_identify(.) by extension 'python'
[0.364s] Level 1:colcon.colcon_core.package_identification:_identify(.) by extensions ['python_setup_py']
[0.364s] Level 1:colcon.colcon_core.package_identification:_identify(.) by extension 'python_setup_py'
[0.364s] Level 1:colcon.colcon_core.package_identification:_identify(build) by extensions ['ignore', 'ignore_ament_install']
[0.364s] Level 1:colcon.colcon_core.package_identification:_identify(build) by extension 'ignore'
[0.364s] Level 1:colcon.colcon_core.package_identification:_identify(build) ignored
[0.364s] Level 1:colcon.colcon_core.package_identification:_identify(install) by extensions ['ignore', 'ignore_ament_install']
[0.365s] Level 1:colcon.colcon_core.package_identification:_identify(install) by extension 'ignore'
[0.365s] Level 1:colcon.colcon_core.package_identification:_identify(install) ignored
[0.365s] Level 1:colcon.colcon_core.package_identification:_identify(log) by extensions ['ignore', 'ignore_ament_install']
[0.365s] Level 1:colcon.colcon_core.package_identification:_identify(log) by extension 'ignore'
[0.365s] Level 1:colcon.colcon_core.package_identification:_identify(log) ignored
[0.365s] Level 1:colcon.colcon_core.package_identification:_identify(src) by extensions ['ignore', 'ignore_ament_install']
[0.365s] Level 1:colcon.colcon_core.package_identification:_identify(src) by extension 'ignore'
[0.365s] Level 1:colcon.colcon_core.package_identification:_identify(src) by extension 'ignore_ament_install'
[0.365s] Level 1:colcon.colcon_core.package_identification:_identify(src) by extensions ['colcon_pkg']
[0.366s] Level 1:colcon.colcon_core.package_identification:_identify(src) by extension 'colcon_pkg'
[0.366s] Level 1:colcon.colcon_core.package_identification:_identify(src) by extensions ['colcon_meta']
[0.366s] Level 1:colcon.colcon_core.package_identification:_identify(src) by extension 'colcon_meta'
[0.366s] Level 1:colcon.colcon_core.package_identification:_identify(src) by extensions ['ros']
[0.366s] Level 1:colcon.colcon_core.package_identification:_identify(src) by extension 'ros'
[0.366s] Level 1:colcon.colcon_core.package_identification:_identify(src) by extensions ['cmake', 'python']
[0.366s] Level 1:colcon.colcon_core.package_identification:_identify(src) by extension 'cmake'
[0.366s] Level 1:colcon.colcon_core.package_identification:_identify(src) by extension 'python'
[0.366s] Level 1:colcon.colcon_core.package_identification:_identify(src) by extensions ['python_setup_py']
[0.366s] Level 1:colcon.colcon_core.package_identification:_identify(src) by extension 'python_setup_py'
[0.366s] Level 1:colcon.colcon_core.package_identification:_identify(src/articubot_jazzy) by extensions ['ignore', 'ignore_ament_install']
[0.366s] Level 1:colcon.colcon_core.package_identification:_identify(src/articubot_jazzy) by extension 'ignore'
[0.367s] Level 1:colcon.colcon_core.package_identification:_identify(src/articubot_jazzy) by extension 'ignore_ament_install'
[0.367s] Level 1:colcon.colcon_core.package_identification:_identify(src/articubot_jazzy) by extensions ['colcon_pkg']
[0.367s] Level 1:colcon.colcon_core.package_identification:_identify(src/articubot_jazzy) by extension 'colcon_pkg'
[0.367s] Level 1:colcon.colcon_core.package_identification:_identify(src/articubot_jazzy) by extensions ['colcon_meta']
[0.367s] Level 1:colcon.colcon_core.package_identification:_identify(src/articubot_jazzy) by extension 'colcon_meta'
[0.367s] Level 1:colcon.colcon_core.package_identification:_identify(src/articubot_jazzy) by extensions ['ros']
[0.367s] Level 1:colcon.colcon_core.package_identification:_identify(src/articubot_jazzy) by extension 'ros'
[0.372s] DEBUG:colcon.colcon_core.package_identification:Package 'src/articubot_jazzy' with type 'ros.ament_cmake' and name 'articubot_jazzy'
[0.372s] Level 1:colcon.colcon_core.package_identification:_identify(src/diffdrive_arduino) by extensions ['ignore', 'ignore_ament_install']
[0.372s] Level 1:colcon.colcon_core.package_identification:_identify(src/diffdrive_arduino) by extension 'ignore'
[0.372s] Level 1:colcon.colcon_core.package_identification:_identify(src/diffdrive_arduino) by extension 'ignore_ament_install'
[0.373s] Level 1:colcon.colcon_core.package_identification:_identify(src/diffdrive_arduino) by extensions ['colcon_pkg']
[0.373s] Level 1:colcon.colcon_core.package_identification:_identify(src/diffdrive_arduino) by extension 'colcon_pkg'
[0.373s] Level 1:colcon.colcon_core.package_identification:_identify(src/diffdrive_arduino) by extensions ['colcon_meta']
[0.373s] Level 1:colcon.colcon_core.package_identification:_identify(src/diffdrive_arduino) by extension 'colcon_meta'
[0.373s] Level 1:colcon.colcon_core.package_identification:_identify(src/diffdrive_arduino) by extensions ['ros']
[0.373s] Level 1:colcon.colcon_core.package_identification:_identify(src/diffdrive_arduino) by extension 'ros'
[0.375s] DEBUG:colcon.colcon_core.package_identification:Package 'src/diffdrive_arduino' with type 'ros.ament_cmake' and name 'diffdrive_arduino'
[0.375s] Level 1:colcon.colcon_core.package_identification:_identify(src/serial) by extensions ['ignore', 'ignore_ament_install']
[0.375s] Level 1:colcon.colcon_core.package_identification:_identify(src/serial) by extension 'ignore'
[0.375s] Level 1:colcon.colcon_core.package_identification:_identify(src/serial) by extension 'ignore_ament_install'
[0.375s] Level 1:colcon.colcon_core.package_identification:_identify(src/serial) by extensions ['colcon_pkg']
[0.375s] Level 1:colcon.colcon_core.package_identification:_identify(src/serial) by extension 'colcon_pkg'
[0.375s] Level 1:colcon.colcon_core.package_identification:_identify(src/serial) by extensions ['colcon_meta']
[0.375s] Level 1:colcon.colcon_core.package_identification:_identify(src/serial) by extension 'colcon_meta'
[0.375s] Level 1:colcon.colcon_core.package_identification:_identify(src/serial) by extensions ['ros']
[0.375s] Level 1:colcon.colcon_core.package_identification:_identify(src/serial) by extension 'ros'
[0.376s] DEBUG:colcon.colcon_core.package_identification:Package 'src/serial' with type 'ros.ament_cmake' and name 'serial'
[0.377s] Level 1:colcon.colcon_core.package_discovery:discover_packages(recursive) using defaults
[0.377s] Level 1:colcon.colcon_core.package_discovery:discover_packages(ignore) discover
[0.377s] Level 1:colcon.colcon_core.package_discovery:discover_packages(ignore) using defaults
[0.377s] Level 1:colcon.colcon_core.package_discovery:discover_packages(path) discover
[0.377s] Level 1:colcon.colcon_core.package_discovery:discover_packages(path) using defaults
[0.414s] Level 1:colcon.colcon_core.package_discovery:discover_packages(prefix_path) check parameters
[0.414s] Level 1:colcon.colcon_core.package_discovery:discover_packages(prefix_path) discover
[0.423s] DEBUG:colcon.colcon_installed_package_information.package_discovery:Found 6 installed packages in /home/rock/ros2_ws/install
[0.428s] DEBUG:colcon.colcon_installed_package_information.package_discovery:Found 53 installed packages in /home/rock/bookros2_ws/install
[0.432s] DEBUG:colcon.colcon_installed_package_information.package_discovery:Found 448 installed packages in /opt/ros/jazzy
[0.434s] Level 1:colcon.colcon_core.package_discovery:discover_packages(prefix_path) using defaults
[0.587s] Level 5:colcon.colcon_core.verb:set package 'articubot_jazzy' build argument 'cmake_args' from command line to 'None'
[0.587s] Level 5:colcon.colcon_core.verb:set package 'articubot_jazzy' build argument 'cmake_target' from command line to 'None'
[0.587s] Level 5:colcon.colcon_core.verb:set package 'articubot_jazzy' build argument 'cmake_target_skip_unavailable' from command line to 'False'
[0.587s] Level 5:colcon.colcon_core.verb:set package 'articubot_jazzy' build argument 'cmake_clean_cache' from command line to 'False'
[0.587s] Level 5:colcon.colcon_core.verb:set package 'articubot_jazzy' build argument 'cmake_clean_first' from command line to 'False'
[0.587s] Level 5:colcon.colcon_core.verb:set package 'articubot_jazzy' build argument 'cmake_force_configure' from command line to 'False'
[0.588s] Level 5:colcon.colcon_core.verb:set package 'articubot_jazzy' build argument 'ament_cmake_args' from command line to 'None'
[0.588s] Level 5:colcon.colcon_core.verb:set package 'articubot_jazzy' build argument 'catkin_cmake_args' from command line to 'None'
[0.588s] Level 5:colcon.colcon_core.verb:set package 'articubot_jazzy' build argument 'catkin_skip_building_tests' from command line to 'False'
[0.588s] DEBUG:colcon.colcon_core.verb:Building package 'articubot_jazzy' with the following arguments: {'ament_cmake_args': None, 'build_base': '/home/rock/dev_ws/build/articubot_jazzy', 'catkin_cmake_args': None, 'catkin_skip_building_tests': False, 'cmake_args': None, 'cmake_clean_cache': False, 'cmake_clean_first': False, 'cmake_force_configure': False, 'cmake_target': None, 'cmake_target_skip_unavailable': False, 'install_base': '/home/rock/dev_ws/install/articubot_jazzy', 'merge_install': False, 'path': '/home/rock/dev_ws/src/articubot_jazzy', 'symlink_install': True, 'test_result_base': None}
[0.589s] Level 5:colcon.colcon_core.verb:set package 'serial' build argument 'cmake_args' from command line to 'None'
[0.589s] Level 5:colcon.colcon_core.verb:set package 'serial' build argument 'cmake_target' from command line to 'None'
[0.589s] Level 5:colcon.colcon_core.verb:set package 'serial' build argument 'cmake_target_skip_unavailable' from command line to 'False'
[0.589s] Level 5:colcon.colcon_core.verb:set package 'serial' build argument 'cmake_clean_cache' from command line to 'False'
[0.589s] Level 5:colcon.colcon_core.verb:set package 'serial' build argument 'cmake_clean_first' from command line to 'False'
[0.589s] Level 5:colcon.colcon_core.verb:set package 'serial' build argument 'cmake_force_configure' from command line to 'False'
[0.589s] Level 5:colcon.colcon_core.verb:set package 'serial' build argument 'ament_cmake_args' from command line to 'None'
[0.589s] Level 5:colcon.colcon_core.verb:set package 'serial' build argument 'catkin_cmake_args' from command line to 'None'
[0.590s] Level 5:colcon.colcon_core.verb:set package 'serial' build argument 'catkin_skip_building_tests' from command line to 'False'
[0.590s] DEBUG:colcon.colcon_core.verb:Building package 'serial' with the following arguments: {'ament_cmake_args': None, 'build_base': '/home/rock/dev_ws/build/serial', 'catkin_cmake_args': None, 'catkin_skip_building_tests': False, 'cmake_args': None, 'cmake_clean_cache': False, 'cmake_clean_first': False, 'cmake_force_configure': False, 'cmake_target': None, 'cmake_target_skip_unavailable': False, 'install_base': '/home/rock/dev_ws/install/serial', 'merge_install': False, 'path': '/home/rock/dev_ws/src/serial', 'symlink_install': True, 'test_result_base': None}
[0.590s] Level 5:colcon.colcon_core.verb:set package 'diffdrive_arduino' build argument 'cmake_args' from command line to 'None'
[0.590s] Level 5:colcon.colcon_core.verb:set package 'diffdrive_arduino' build argument 'cmake_target' from command line to 'None'
[0.590s] Level 5:colcon.colcon_core.verb:set package 'diffdrive_arduino' build argument 'cmake_target_skip_unavailable' from command line to 'False'
[0.590s] Level 5:colcon.colcon_core.verb:set package 'diffdrive_arduino' build argument 'cmake_clean_cache' from command line to 'False'
[0.590s] Level 5:colcon.colcon_core.verb:set package 'diffdrive_arduino' build argument 'cmake_clean_first' from command line to 'False'
[0.590s] Level 5:colcon.colcon_core.verb:set package 'diffdrive_arduino' build argument 'cmake_force_configure' from command line to 'False'
[0.591s] Level 5:colcon.colcon_core.verb:set package 'diffdrive_arduino' build argument 'ament_cmake_args' from command line to 'None'
[0.591s] Level 5:colcon.colcon_core.verb:set package 'diffdrive_arduino' build argument 'catkin_cmake_args' from command line to 'None'
[0.591s] Level 5:colcon.colcon_core.verb:set package 'diffdrive_arduino' build argument 'catkin_skip_building_tests' from command line to 'False'
[0.591s] DEBUG:colcon.colcon_core.verb:Building package 'diffdrive_arduino' with the following arguments: {'ament_cmake_args': None, 'build_base': '/home/rock/dev_ws/build/diffdrive_arduino', 'catkin_cmake_args': None, 'catkin_skip_building_tests': False, 'cmake_args': None, 'cmake_clean_cache': False, 'cmake_clean_first': False, 'cmake_force_configure': False, 'cmake_target': None, 'cmake_target_skip_unavailable': False, 'install_base': '/home/rock/dev_ws/install/diffdrive_arduino', 'merge_install': False, 'path': '/home/rock/dev_ws/src/diffdrive_arduino', 'symlink_install': True, 'test_result_base': None}
[0.591s] INFO:colcon.colcon_core.executor:Executing jobs using 'parallel' executor
[0.592s] DEBUG:colcon.colcon_parallel_executor.executor.parallel:run_until_complete
[0.593s] INFO:colcon.colcon_ros.task.ament_cmake.build:Building ROS package in '/home/rock/dev_ws/src/serial' with build type 'ament_cmake'
[0.593s] INFO:colcon.colcon_cmake.task.cmake.build:Building CMake package in '/home/rock/dev_ws/src/serial'
[0.598s] INFO:colcon.colcon_core.plugin_system:Skipping extension 'colcon_core.shell.bat': Not used on non-Windows systems
[0.598s] INFO:colcon.colcon_core.shell:Skip shell extension 'powershell' for command environment: Not usable outside of PowerShell
[0.598s] DEBUG:colcon.colcon_core.shell:Skip shell extension 'dsv' for command environment
[0.618s] INFO:colcon.colcon_ros.task.ament_cmake.build:Building ROS package in '/home/rock/dev_ws/src/articubot_jazzy' with build type 'ament_cmake'
[0.618s] INFO:colcon.colcon_cmake.task.cmake.build:Building CMake package in '/home/rock/dev_ws/src/articubot_jazzy'
[0.618s] INFO:colcon.colcon_core.shell:Skip shell extension 'powershell' for command environment: Not usable outside of PowerShell
[0.618s] DEBUG:colcon.colcon_core.shell:Skip shell extension 'dsv' for command environment
[0.645s] DEBUG:colcon.colcon_core.event_handler.log_command:Invoking command in '/home/rock/dev_ws/build/serial': CMAKE_PREFIX_PATH=${CMAKE_PREFIX_PATH}:/home/rock/ros2_ws/install/turtle_controller:/home/rock/ros2_ws/install/my_py_pkg:/home/rock/bookros2_ws/install/launch_pal:/home/rock/bookros2_ws/install/br2_fsm_bumpgo_py:/opt/ros/jazzy DEBUGINFOD_URLS=https://debuginfod.ubuntu.com /usr/bin/cmake --build /home/rock/dev_ws/build/serial -- -j8 -l8
[0.655s] DEBUG:colcon.colcon_core.event_handler.log_command:Invoking command in '/home/rock/dev_ws/build/articubot_jazzy': CMAKE_PREFIX_PATH=${CMAKE_PREFIX_PATH}:/home/rock/ros2_ws/install/turtle_controller:/home/rock/ros2_ws/install/my_py_pkg:/home/rock/bookros2_ws/install/launch_pal:/home/rock/bookros2_ws/install/br2_fsm_bumpgo_py:/opt/ros/jazzy DEBUGINFOD_URLS=https://debuginfod.ubuntu.com /usr/bin/cmake --build /home/rock/dev_ws/build/articubot_jazzy -- -j8 -l8
[0.779s] DEBUG:colcon.colcon_core.event_handler.log_command:Invoked command in '/home/rock/dev_ws/build/articubot_jazzy' returned '0': CMAKE_PREFIX_PATH=${CMAKE_PREFIX_PATH}:/home/rock/ros2_ws/install/turtle_controller:/home/rock/ros2_ws/install/my_py_pkg:/home/rock/bookros2_ws/install/launch_pal:/home/rock/bookros2_ws/install/br2_fsm_bumpgo_py:/opt/ros/jazzy DEBUGINFOD_URLS=https://debuginfod.ubuntu.com /usr/bin/cmake --build /home/rock/dev_ws/build/articubot_jazzy -- -j8 -l8
[0.818s] DEBUG:colcon.colcon_core.event_handler.log_command:Invoking command in '/home/rock/dev_ws/build/articubot_jazzy': CMAKE_PREFIX_PATH=${CMAKE_PREFIX_PATH}:/home/rock/ros2_ws/install/turtle_controller:/home/rock/ros2_ws/install/my_py_pkg:/home/rock/bookros2_ws/install/launch_pal:/home/rock/bookros2_ws/install/br2_fsm_bumpgo_py:/opt/ros/jazzy DEBUGINFOD_URLS=https://debuginfod.ubuntu.com /usr/bin/cmake --install /home/rock/dev_ws/build/articubot_jazzy
[0.895s] Level 1:colcon.colcon_core.environment:create_environment_scripts_only(articubot_jazzy)
[0.896s] DEBUG:colcon.colcon_core.event_handler.log_command:Invoked command in '/home/rock/dev_ws/build/articubot_jazzy' returned '0': CMAKE_PREFIX_PATH=${CMAKE_PREFIX_PATH}:/home/rock/ros2_ws/install/turtle_controller:/home/rock/ros2_ws/install/my_py_pkg:/home/rock/bookros2_ws/install/launch_pal:/home/rock/bookros2_ws/install/br2_fsm_bumpgo_py:/opt/ros/jazzy DEBUGINFOD_URLS=https://debuginfod.ubuntu.com /usr/bin/cmake --install /home/rock/dev_ws/build/articubot_jazzy
[0.901s] Level 1:colcon.colcon_core.environment:checking '/home/rock/dev_ws/install/articubot_jazzy' for CMake module files
[0.902s] Level 1:colcon.colcon_core.environment:checking '/home/rock/dev_ws/install/articubot_jazzy' for CMake config files
[0.904s] Level 1:colcon.colcon_core.shell:create_environment_hook('articubot_jazzy', 'cmake_prefix_path')
[0.904s] INFO:colcon.colcon_core.shell:Creating environment hook '/home/rock/dev_ws/install/articubot_jazzy/share/articubot_jazzy/hook/cmake_prefix_path.ps1'
[0.906s] INFO:colcon.colcon_core.shell:Creating environment descriptor '/home/rock/dev_ws/install/articubot_jazzy/share/articubot_jazzy/hook/cmake_prefix_path.dsv'
[0.907s] INFO:colcon.colcon_core.shell:Creating environment hook '/home/rock/dev_ws/install/articubot_jazzy/share/articubot_jazzy/hook/cmake_prefix_path.sh'
[0.908s] Level 1:colcon.colcon_core.environment:checking '/home/rock/dev_ws/install/articubot_jazzy/bin'
[0.908s] Level 1:colcon.colcon_core.environment:checking '/home/rock/dev_ws/install/articubot_jazzy/lib/pkgconfig/articubot_jazzy.pc'
[0.909s] Level 1:colcon.colcon_core.environment:checking '/home/rock/dev_ws/install/articubot_jazzy/lib/python3.12/site-packages'
[0.910s] Level 1:colcon.colcon_core.environment:checking '/home/rock/dev_ws/install/articubot_jazzy/bin'
[0.911s] INFO:colcon.colcon_core.shell:Creating package script '/home/rock/dev_ws/install/articubot_jazzy/share/articubot_jazzy/package.ps1'
[0.913s] INFO:colcon.colcon_core.shell:Creating package descriptor '/home/rock/dev_ws/install/articubot_jazzy/share/articubot_jazzy/package.dsv'
[0.915s] INFO:colcon.colcon_core.shell:Creating package script '/home/rock/dev_ws/install/articubot_jazzy/share/articubot_jazzy/package.sh'
[0.916s] INFO:colcon.colcon_core.shell:Creating package script '/home/rock/dev_ws/install/articubot_jazzy/share/articubot_jazzy/package.bash'
[0.917s] INFO:colcon.colcon_core.shell:Creating package script '/home/rock/dev_ws/install/articubot_jazzy/share/articubot_jazzy/package.zsh'
[0.918s] Level 1:colcon.colcon_core.environment:create_file_with_runtime_dependencies(/home/rock/dev_ws/install/articubot_jazzy/share/colcon-core/packages/articubot_jazzy)
[0.919s] Level 1:colcon.colcon_core.environment:create_environment_scripts_only(articubot_jazzy)
[0.920s] Level 1:colcon.colcon_core.environment:checking '/home/rock/dev_ws/install/articubot_jazzy' for CMake module files
[0.921s] Level 1:colcon.colcon_core.environment:checking '/home/rock/dev_ws/install/articubot_jazzy' for CMake config files
[0.921s] Level 1:colcon.colcon_core.shell:create_environment_hook('articubot_jazzy', 'cmake_prefix_path')
[0.922s] INFO:colcon.colcon_core.shell:Creating environment hook '/home/rock/dev_ws/install/articubot_jazzy/share/articubot_jazzy/hook/cmake_prefix_path.ps1'
[0.923s] INFO:colcon.colcon_core.shell:Creating environment descriptor '/home/rock/dev_ws/install/articubot_jazzy/share/articubot_jazzy/hook/cmake_prefix_path.dsv'
[0.923s] INFO:colcon.colcon_core.shell:Creating environment hook '/home/rock/dev_ws/install/articubot_jazzy/share/articubot_jazzy/hook/cmake_prefix_path.sh'
[0.924s] Level 1:colcon.colcon_core.environment:checking '/home/rock/dev_ws/install/articubot_jazzy/bin'
[0.925s] Level 1:colcon.colcon_core.environment:checking '/home/rock/dev_ws/install/articubot_jazzy/lib/pkgconfig/articubot_jazzy.pc'
[0.925s] Level 1:colcon.colcon_core.environment:checking '/home/rock/dev_ws/install/articubot_jazzy/lib/python3.12/site-packages'
[0.926s] Level 1:colcon.colcon_core.environment:checking '/home/rock/dev_ws/install/articubot_jazzy/bin'
[0.926s] INFO:colcon.colcon_core.shell:Creating package script '/home/rock/dev_ws/install/articubot_jazzy/share/articubot_jazzy/package.ps1'
[0.927s] INFO:colcon.colcon_core.shell:Creating package descriptor '/home/rock/dev_ws/install/articubot_jazzy/share/articubot_jazzy/package.dsv'
[0.928s] INFO:colcon.colcon_core.shell:Creating package script '/home/rock/dev_ws/install/articubot_jazzy/share/articubot_jazzy/package.sh'
[0.929s] INFO:colcon.colcon_core.shell:Creating package script '/home/rock/dev_ws/install/articubot_jazzy/share/articubot_jazzy/package.bash'
[0.930s] INFO:colcon.colcon_core.shell:Creating package script '/home/rock/dev_ws/install/articubot_jazzy/share/articubot_jazzy/package.zsh'
[0.930s] Level 1:colcon.colcon_core.environment:create_file_with_runtime_dependencies(/home/rock/dev_ws/install/articubot_jazzy/share/colcon-core/packages/articubot_jazzy)
[0.949s] DEBUG:colcon.colcon_core.event_handler.log_command:Invoked command in '/home/rock/dev_ws/build/serial' returned '0': CMAKE_PREFIX_PATH=${CMAKE_PREFIX_PATH}:/home/rock/ros2_ws/install/turtle_controller:/home/rock/ros2_ws/install/my_py_pkg:/home/rock/bookros2_ws/install/launch_pal:/home/rock/bookros2_ws/install/br2_fsm_bumpgo_py:/opt/ros/jazzy DEBUGINFOD_URLS=https://debuginfod.ubuntu.com /usr/bin/cmake --build /home/rock/dev_ws/build/serial -- -j8 -l8
[0.952s] DEBUG:colcon.colcon_core.event_handler.log_command:Invoking command in '/home/rock/dev_ws/build/serial': CMAKE_PREFIX_PATH=${CMAKE_PREFIX_PATH}:/home/rock/ros2_ws/install/turtle_controller:/home/rock/ros2_ws/install/my_py_pkg:/home/rock/bookros2_ws/install/launch_pal:/home/rock/bookros2_ws/install/br2_fsm_bumpgo_py:/opt/ros/jazzy DEBUGINFOD_URLS=https://debuginfod.ubuntu.com /usr/bin/cmake --install /home/rock/dev_ws/build/serial
[1.027s] Level 1:colcon.colcon_core.environment:create_environment_scripts_only(serial)
[1.028s] Level 1:colcon.colcon_core.environment:checking '/home/rock/dev_ws/install/serial' for CMake module files
[1.029s] DEBUG:colcon.colcon_core.event_handler.log_command:Invoked command in '/home/rock/dev_ws/build/serial' returned '0': CMAKE_PREFIX_PATH=${CMAKE_PREFIX_PATH}:/home/rock/ros2_ws/install/turtle_controller:/home/rock/ros2_ws/install/my_py_pkg:/home/rock/bookros2_ws/install/launch_pal:/home/rock/bookros2_ws/install/br2_fsm_bumpgo_py:/opt/ros/jazzy DEBUGINFOD_URLS=https://debuginfod.ubuntu.com /usr/bin/cmake --install /home/rock/dev_ws/build/serial
[1.031s] Level 1:colcon.colcon_core.environment:checking '/home/rock/dev_ws/install/serial' for CMake config files
[1.032s] Level 1:colcon.colcon_core.shell:create_environment_hook('serial', 'cmake_prefix_path')
[1.032s] INFO:colcon.colcon_core.shell:Creating environment hook '/home/rock/dev_ws/install/serial/share/serial/hook/cmake_prefix_path.ps1'
[1.034s] INFO:colcon.colcon_core.shell:Creating environment descriptor '/home/rock/dev_ws/install/serial/share/serial/hook/cmake_prefix_path.dsv'
[1.035s] INFO:colcon.colcon_core.shell:Creating environment hook '/home/rock/dev_ws/install/serial/share/serial/hook/cmake_prefix_path.sh'
[1.037s] Level 1:colcon.colcon_core.environment:checking '/home/rock/dev_ws/install/serial/lib'
[1.037s] Level 1:colcon.colcon_core.environment:checking '/home/rock/dev_ws/install/serial/bin'
[1.037s] Level 1:colcon.colcon_core.environment:checking '/home/rock/dev_ws/install/serial/lib/pkgconfig/serial.pc'
[1.038s] Level 1:colcon.colcon_core.environment:checking '/home/rock/dev_ws/install/serial/lib/python3.12/site-packages'
[1.040s] Level 1:colcon.colcon_core.environment:checking '/home/rock/dev_ws/install/serial/bin'
[1.041s] INFO:colcon.colcon_core.shell:Creating package script '/home/rock/dev_ws/install/serial/share/serial/package.ps1'
[1.042s] INFO:colcon.colcon_core.shell:Creating package descriptor '/home/rock/dev_ws/install/serial/share/serial/package.dsv'
[1.043s] INFO:colcon.colcon_core.shell:Creating package script '/home/rock/dev_ws/install/serial/share/serial/package.sh'
[1.045s] INFO:colcon.colcon_core.shell:Creating package script '/home/rock/dev_ws/install/serial/share/serial/package.bash'
[1.046s] INFO:colcon.colcon_core.shell:Creating package script '/home/rock/dev_ws/install/serial/share/serial/package.zsh'
[1.047s] Level 1:colcon.colcon_core.environment:create_file_with_runtime_dependencies(/home/rock/dev_ws/install/serial/share/colcon-core/packages/serial)
[1.049s] Level 1:colcon.colcon_core.environment:create_environment_scripts_only(serial)
[1.049s] Level 1:colcon.colcon_core.environment:checking '/home/rock/dev_ws/install/serial' for CMake module files
[1.051s] Level 1:colcon.colcon_core.environment:checking '/home/rock/dev_ws/install/serial' for CMake config files
[1.052s] Level 1:colcon.colcon_core.shell:create_environment_hook('serial', 'cmake_prefix_path')
[1.053s] INFO:colcon.colcon_core.shell:Creating environment hook '/home/rock/dev_ws/install/serial/share/serial/hook/cmake_prefix_path.ps1'
[1.055s] INFO:colcon.colcon_core.shell:Creating environment descriptor '/home/rock/dev_ws/install/serial/share/serial/hook/cmake_prefix_path.dsv'
[1.057s] INFO:colcon.colcon_core.shell:Creating environment hook '/home/rock/dev_ws/install/serial/share/serial/hook/cmake_prefix_path.sh'
[1.059s] Level 1:colcon.colcon_core.environment:checking '/home/rock/dev_ws/install/serial/lib'
[1.059s] Level 1:colcon.colcon_core.environment:checking '/home/rock/dev_ws/install/serial/bin'
[1.060s] Level 1:colcon.colcon_core.environment:checking '/home/rock/dev_ws/install/serial/lib/pkgconfig/serial.pc'
[1.060s] Level 1:colcon.colcon_core.environment:checking '/home/rock/dev_ws/install/serial/lib/python3.12/site-packages'
[1.062s] Level 1:colcon.colcon_core.environment:checking '/home/rock/dev_ws/install/serial/bin'
[1.062s] INFO:colcon.colcon_core.shell:Creating package script '/home/rock/dev_ws/install/serial/share/serial/package.ps1'
[1.064s] INFO:colcon.colcon_core.shell:Creating package descriptor '/home/rock/dev_ws/install/serial/share/serial/package.dsv'
[1.066s] INFO:colcon.colcon_core.shell:Creating package script '/home/rock/dev_ws/install/serial/share/serial/package.sh'
[1.068s] INFO:colcon.colcon_core.shell:Creating package script '/home/rock/dev_ws/install/serial/share/serial/package.bash'
[1.069s] INFO:colcon.colcon_core.shell:Creating package script '/home/rock/dev_ws/install/serial/share/serial/package.zsh'
[1.072s] Level 1:colcon.colcon_core.environment:create_file_with_runtime_dependencies(/home/rock/dev_ws/install/serial/share/colcon-core/packages/serial)
[1.073s] INFO:colcon.colcon_ros.task.ament_cmake.build:Building ROS package in '/home/rock/dev_ws/src/diffdrive_arduino' with build type 'ament_cmake'
[1.073s] INFO:colcon.colcon_cmake.task.cmake.build:Building CMake package in '/home/rock/dev_ws/src/diffdrive_arduino'
[1.075s] INFO:colcon.colcon_core.shell:Skip shell extension 'powershell' for command environment: Not usable outside of PowerShell
[1.076s] DEBUG:colcon.colcon_core.shell:Skip shell extension 'dsv' for command environment
[1.150s] DEBUG:colcon.colcon_core.event_handler.log_command:Invoking command in '/home/rock/dev_ws/build/diffdrive_arduino': AMENT_PREFIX_PATH=/home/rock/dev_ws/install/serial:${AMENT_PREFIX_PATH} CMAKE_PREFIX_PATH=/home/rock/dev_ws/install/serial:/home/rock/ros2_ws/install/my_robot_bringup:/home/rock/ros2_ws/install/my_cpp_pkg:/home/rock/ros2_ws/install/my_robot_interfaces:/home/rock/bookros2_ws/install/br2_deep_ros:/home/rock/bookros2_ws/install/yaets:/home/rock/bookros2_ws/install/tiago_simulation:/home/rock/bookros2_ws/install/tiago_robot:/home/rock/bookros2_ws/install/tiago_navigation:/home/rock/bookros2_ws/install/tiago_gazebo:/home/rock/bookros2_ws/install/tiago_moveit_config:/home/rock/bookros2_ws/install/tiago_2dnav:/home/rock/bookros2_ws/install/tiago_laser_sensors:/home/rock/bookros2_ws/install/tiago_bringup:/home/rock/bookros2_ws/install/tiago_description:/home/rock/bookros2_ws/install/tiago_controller_configuration:/home/rock/bookros2_ws/install/pmb2_robot:/home/rock/bookros2_ws/install/pmb2_rgbd_sensors:/home/rock/bookros2_ws/install/pmb2_navigation:/home/rock/bookros2_ws/install/pmb2_laser_sensors:/home/rock/bookros2_ws/install/pmb2_bringup:/home/rock/bookros2_ws/install/pmb2_description:/home/rock/bookros2_ws/install/pmb2_controller_configuration:/home/rock/bookros2_ws/install/pmb2_2dnav:/home/rock/bookros2_ws/install/play_motion2:/home/rock/bookros2_ws/install/play_motion2_msgs:/home/rock/bookros2_ws/install/pal_hey5:/home/rock/bookros2_ws/install/pal_hey5_description:/home/rock/bookros2_ws/install/pal_gripper_simulation:/home/rock/bookros2_ws/install/pal_gripper:/home/rock/bookros2_ws/install/pal_gripper_description:/home/rock/bookros2_ws/install/omni_base_robot:/home/rock/bookros2_ws/install/omni_base_bringup:/home/rock/bookros2_ws/install/omni_base_description:/home/rock/bookros2_ws/install/pal_urdf_utils:/home/rock/bookros2_ws/install/pal_robotiq_gripper:/home/rock/bookros2_ws/install/pal_robotiq_description:/home/rock/bookros2_ws/install/pal_robotiq_controller_configuration:/home/rock/bookros2_ws/install/pal_maps:/home/rock/bookros2_ws/install/pal_hey5_controller_configuration:/home/rock/bookros2_ws/install/pal_gripper_controller_configuration:/home/rock/bookros2_ws/install/omni_base_controller_configuration:/home/rock/bookros2_ws/install/groot:/home/rock/bookros2_ws/install/br2_vff_avoidance:/home/rock/bookros2_ws/install/br2_tracking:/home/rock/bookros2_ws/install/br2_tracking_msgs:/home/rock/bookros2_ws/install/br2_tiago:/home/rock/bookros2_ws/install/br2_tf2_detector:/home/rock/bookros2_ws/install/br2_navigation:/home/rock/bookros2_ws/install/br2_gazebo_worlds:/home/rock/bookros2_ws/install/br2_fsm_bumpgo_cpp:/home/rock/bookros2_ws/install/br2_bt_patrolling:/home/rock/bookros2_ws/install/br2_bt_bumpgo:/home/rock/bookros2_ws/install/br2_basics:/home/rock/bookros2_ws/install/behaviortree_cpp_v3:/opt/ros/jazzy/opt/gz_sim_vendor:/opt/ros/jazzy/opt/gz_sensors_vendor:/opt/ros/jazzy/opt/gz_physics_vendor:/opt/ros/jazzy/opt/sdformat_vendor:/opt/ros/jazzy/opt/gz_gui_vendor:/opt/ros/jazzy/opt/gz_transport_vendor:/opt/ros/jazzy/opt/gz_rendering_vendor:/opt/ros/jazzy/opt/gz_plugin_vendor:/opt/ros/jazzy/opt/gz_fuel_tools_vendor:/opt/ros/jazzy/opt/gz_msgs_vendor:/opt/ros/jazzy/opt/gz_common_vendor:/opt/ros/jazzy/opt/gz_math_vendor:/opt/ros/jazzy/opt/gz_utils_vendor:/opt/ros/jazzy/opt/gz_tools_vendor:/opt/ros/jazzy/opt/gz_ogre_next_vendor:/opt/ros/jazzy/opt/gz_dartsim_vendor:/opt/ros/jazzy/opt/gz_cmake_vendor:/home/rock/ros2_ws/install/turtle_controller:/home/rock/ros2_ws/install/my_py_pkg:/home/rock/bookros2_ws/install/launch_pal:/home/rock/bookros2_ws/install/br2_fsm_bumpgo_py:/opt/ros/jazzy DEBUGINFOD_URLS=https://debuginfod.ubuntu.com LD_LIBRARY_PATH=/home/rock/dev_ws/install/serial/lib:${LD_LIBRARY_PATH} /usr/bin/cmake --build /home/rock/dev_ws/build/diffdrive_arduino -- -j8 -l8
[10.913s] DEBUG:colcon.colcon_core.event_handler.log_command:Invoked command in '/home/rock/dev_ws/build/diffdrive_arduino' returned '2': AMENT_PREFIX_PATH=/home/rock/dev_ws/install/serial:${AMENT_PREFIX_PATH} CMAKE_PREFIX_PATH=/home/rock/dev_ws/install/serial:/home/rock/ros2_ws/install/my_robot_bringup:/home/rock/ros2_ws/install/my_cpp_pkg:/home/rock/ros2_ws/install/my_robot_interfaces:/home/rock/bookros2_ws/install/br2_deep_ros:/home/rock/bookros2_ws/install/yaets:/home/rock/bookros2_ws/install/tiago_simulation:/home/rock/bookros2_ws/install/tiago_robot:/home/rock/bookros2_ws/install/tiago_navigation:/home/rock/bookros2_ws/install/tiago_gazebo:/home/rock/bookros2_ws/install/tiago_moveit_config:/home/rock/bookros2_ws/install/tiago_2dnav:/home/rock/bookros2_ws/install/tiago_laser_sensors:/home/rock/bookros2_ws/install/tiago_bringup:/home/rock/bookros2_ws/install/tiago_description:/home/rock/bookros2_ws/install/tiago_controller_configuration:/home/rock/bookros2_ws/install/pmb2_robot:/home/rock/bookros2_ws/install/pmb2_rgbd_sensors:/home/rock/bookros2_ws/install/pmb2_navigation:/home/rock/bookros2_ws/install/pmb2_laser_sensors:/home/rock/bookros2_ws/install/pmb2_bringup:/home/rock/bookros2_ws/install/pmb2_description:/home/rock/bookros2_ws/install/pmb2_controller_configuration:/home/rock/bookros2_ws/install/pmb2_2dnav:/home/rock/bookros2_ws/install/play_motion2:/home/rock/bookros2_ws/install/play_motion2_msgs:/home/rock/bookros2_ws/install/pal_hey5:/home/rock/bookros2_ws/install/pal_hey5_description:/home/rock/bookros2_ws/install/pal_gripper_simulation:/home/rock/bookros2_ws/install/pal_gripper:/home/rock/bookros2_ws/install/pal_gripper_description:/home/rock/bookros2_ws/install/omni_base_robot:/home/rock/bookros2_ws/install/omni_base_bringup:/home/rock/bookros2_ws/install/omni_base_description:/home/rock/bookros2_ws/install/pal_urdf_utils:/home/rock/bookros2_ws/install/pal_robotiq_gripper:/home/rock/bookros2_ws/install/pal_robotiq_description:/home/rock/bookros2_ws/install/pal_robotiq_controller_configuration:/home/rock/bookros2_ws/install/pal_maps:/home/rock/bookros2_ws/install/pal_hey5_controller_configuration:/home/rock/bookros2_ws/install/pal_gripper_controller_configuration:/home/rock/bookros2_ws/install/omni_base_controller_configuration:/home/rock/bookros2_ws/install/groot:/home/rock/bookros2_ws/install/br2_vff_avoidance:/home/rock/bookros2_ws/install/br2_tracking:/home/rock/bookros2_ws/install/br2_tracking_msgs:/home/rock/bookros2_ws/install/br2_tiago:/home/rock/bookros2_ws/install/br2_tf2_detector:/home/rock/bookros2_ws/install/br2_navigation:/home/rock/bookros2_ws/install/br2_gazebo_worlds:/home/rock/bookros2_ws/install/br2_fsm_bumpgo_cpp:/home/rock/bookros2_ws/install/br2_bt_patrolling:/home/rock/bookros2_ws/install/br2_bt_bumpgo:/home/rock/bookros2_ws/install/br2_basics:/home/rock/bookros2_ws/install/behaviortree_cpp_v3:/opt/ros/jazzy/opt/gz_sim_vendor:/opt/ros/jazzy/opt/gz_sensors_vendor:/opt/ros/jazzy/opt/gz_physics_vendor:/opt/ros/jazzy/opt/sdformat_vendor:/opt/ros/jazzy/opt/gz_gui_vendor:/opt/ros/jazzy/opt/gz_transport_vendor:/opt/ros/jazzy/opt/gz_rendering_vendor:/opt/ros/jazzy/opt/gz_plugin_vendor:/opt/ros/jazzy/opt/gz_fuel_tools_vendor:/opt/ros/jazzy/opt/gz_msgs_vendor:/opt/ros/jazzy/opt/gz_common_vendor:/opt/ros/jazzy/opt/gz_math_vendor:/opt/ros/jazzy/opt/gz_utils_vendor:/opt/ros/jazzy/opt/gz_tools_vendor:/opt/ros/jazzy/opt/gz_ogre_next_vendor:/opt/ros/jazzy/opt/gz_dartsim_vendor:/opt/ros/jazzy/opt/gz_cmake_vendor:/home/rock/ros2_ws/install/turtle_controller:/home/rock/ros2_ws/install/my_py_pkg:/home/rock/bookros2_ws/install/launch_pal:/home/rock/bookros2_ws/install/br2_fsm_bumpgo_py:/opt/ros/jazzy DEBUGINFOD_URLS=https://debuginfod.ubuntu.com LD_LIBRARY_PATH=/home/rock/dev_ws/install/serial/lib:${LD_LIBRARY_PATH} /usr/bin/cmake --build /home/rock/dev_ws/build/diffdrive_arduino -- -j8 -l8
[10.914s] Level 1:colcon.colcon_core.environment:create_environment_scripts_only(diffdrive_arduino)
[10.914s] Level 1:colcon.colcon_core.environment:checking '/home/rock/dev_ws/install/diffdrive_arduino' for CMake module files
[10.916s] Level 1:colcon.colcon_core.environment:checking '/home/rock/dev_ws/install/diffdrive_arduino' for CMake config files
[10.916s] Level 1:colcon.colcon_core.shell:create_environment_hook('diffdrive_arduino', 'cmake_prefix_path')
[10.916s] INFO:colcon.colcon_core.shell:Creating environment hook '/home/rock/dev_ws/install/diffdrive_arduino/share/diffdrive_arduino/hook/cmake_prefix_path.ps1'
[10.917s] INFO:colcon.colcon_core.shell:Creating environment descriptor '/home/rock/dev_ws/install/diffdrive_arduino/share/diffdrive_arduino/hook/cmake_prefix_path.dsv'
[10.918s] INFO:colcon.colcon_core.shell:Creating environment hook '/home/rock/dev_ws/install/diffdrive_arduino/share/diffdrive_arduino/hook/cmake_prefix_path.sh'
[10.918s] Level 1:colcon.colcon_core.environment:checking '/home/rock/dev_ws/install/diffdrive_arduino/lib'
[10.919s] Level 1:colcon.colcon_core.shell:create_environment_hook('diffdrive_arduino', 'ld_library_path_lib')
[10.919s] INFO:colcon.colcon_core.shell:Creating environment hook '/home/rock/dev_ws/install/diffdrive_arduino/share/diffdrive_arduino/hook/ld_library_path_lib.ps1'
[10.919s] INFO:colcon.colcon_core.shell:Creating environment descriptor '/home/rock/dev_ws/install/diffdrive_arduino/share/diffdrive_arduino/hook/ld_library_path_lib.dsv'
[10.920s] INFO:colcon.colcon_core.shell:Creating environment hook '/home/rock/dev_ws/install/diffdrive_arduino/share/diffdrive_arduino/hook/ld_library_path_lib.sh'
[10.921s] Level 1:colcon.colcon_core.environment:checking '/home/rock/dev_ws/install/diffdrive_arduino/bin'
[10.921s] Level 1:colcon.colcon_core.environment:checking '/home/rock/dev_ws/install/diffdrive_arduino/lib/pkgconfig/diffdrive_arduino.pc'
[10.921s] Level 1:colcon.colcon_core.environment:checking '/home/rock/dev_ws/install/diffdrive_arduino/lib/python3.12/site-packages'
[10.922s] Level 1:colcon.colcon_core.environment:checking '/home/rock/dev_ws/install/diffdrive_arduino/bin'
[10.922s] INFO:colcon.colcon_core.shell:Creating package script '/home/rock/dev_ws/install/diffdrive_arduino/share/diffdrive_arduino/package.ps1'
[10.923s] INFO:colcon.colcon_core.shell:Creating package descriptor '/home/rock/dev_ws/install/diffdrive_arduino/share/diffdrive_arduino/package.dsv'
[10.924s] INFO:colcon.colcon_core.shell:Creating package script '/home/rock/dev_ws/install/diffdrive_arduino/share/diffdrive_arduino/package.sh'
[10.925s] INFO:colcon.colcon_core.shell:Creating package script '/home/rock/dev_ws/install/diffdrive_arduino/share/diffdrive_arduino/package.bash'
[10.925s] INFO:colcon.colcon_core.shell:Creating package script '/home/rock/dev_ws/install/diffdrive_arduino/share/diffdrive_arduino/package.zsh'
[10.926s] Level 1:colcon.colcon_core.environment:create_file_with_runtime_dependencies(/home/rock/dev_ws/install/diffdrive_arduino/share/colcon-core/packages/diffdrive_arduino)
[10.937s] DEBUG:colcon.colcon_parallel_executor.executor.parallel:closing loop
[10.937s] DEBUG:colcon.colcon_parallel_executor.executor.parallel:loop closed
[10.937s] DEBUG:colcon.colcon_parallel_executor.executor.parallel:run_until_complete finished with '2'
[10.937s] DEBUG:colcon.colcon_core.event_reactor:joining thread
[10.950s] INFO:colcon.colcon_core.plugin_system:Skipping extension 'colcon_notification.desktop_notification.terminal_notifier': Not used on non-Darwin systems
[10.950s] INFO:colcon.colcon_core.plugin_system:Skipping extension 'colcon_notification.desktop_notification.win32': Not used on non-Windows systems
[10.950s] INFO:colcon.colcon_notification.desktop_notification:Sending desktop notification using 'notify2'
[10.976s] DEBUG:colcon.colcon_core.event_reactor:joined thread
[10.977s] INFO:colcon.colcon_core.shell:Creating prefix script '/home/rock/dev_ws/install/local_setup.ps1'
[10.979s] INFO:colcon.colcon_core.shell:Creating prefix util module '/home/rock/dev_ws/install/_local_setup_util_ps1.py'
[10.983s] INFO:colcon.colcon_core.shell:Creating prefix chain script '/home/rock/dev_ws/install/setup.ps1'
[10.991s] INFO:colcon.colcon_core.shell:Creating prefix script '/home/rock/dev_ws/install/local_setup.sh'
[10.992s] INFO:colcon.colcon_core.shell:Creating prefix util module '/home/rock/dev_ws/install/_local_setup_util_sh.py'
[10.994s] INFO:colcon.colcon_core.shell:Creating prefix chain script '/home/rock/dev_ws/install/setup.sh'
[11.004s] INFO:colcon.colcon_core.shell:Creating prefix script '/home/rock/dev_ws/install/local_setup.bash'
[11.004s] INFO:colcon.colcon_core.shell:Creating prefix chain script '/home/rock/dev_ws/install/setup.bash'
[11.013s] INFO:colcon.colcon_core.shell:Creating prefix script '/home/rock/dev_ws/install/local_setup.zsh'
[11.014s] INFO:colcon.colcon_core.shell:Creating prefix chain script '/home/rock/dev_ws/install/setup.zsh'
