[0.037s] Invoking command in '/home/rock/dev_ws/build/articubot_jazzy': CMAKE_PREFIX_PATH=${CMAKE_PREFIX_PATH}:/home/rock/ros2_ws/install/turtle_controller:/home/rock/ros2_ws/install/my_py_pkg:/home/rock/bookros2_ws/install/launch_pal:/home/rock/bookros2_ws/install/br2_fsm_bumpgo_py:/opt/ros/jazzy DEBUGINFOD_URLS=https://debuginfod.ubuntu.com /usr/bin/cmake --build /home/rock/dev_ws/build/articubot_jazzy -- -j8 -l8
[0.152s] Invoked command in '/home/rock/dev_ws/build/articubot_jazzy' returned '0': CMAKE_PREFIX_PATH=${CMAKE_PREFIX_PATH}:/home/rock/ros2_ws/install/turtle_controller:/home/rock/ros2_ws/install/my_py_pkg:/home/rock/bookros2_ws/install/launch_pal:/home/rock/bookros2_ws/install/br2_fsm_bumpgo_py:/opt/ros/jazzy DEBUGINFOD_URLS=https://debuginfod.ubuntu.com /usr/bin/cmake --build /home/rock/dev_ws/build/articubot_jazzy -- -j8 -l8
[0.183s] Invoking command in '/home/rock/dev_ws/build/articubot_jazzy': CMAKE_PREFIX_PATH=${CMAKE_PREFIX_PATH}:/home/rock/ros2_ws/install/turtle_controller:/home/rock/ros2_ws/install/my_py_pkg:/home/rock/bookros2_ws/install/launch_pal:/home/rock/bookros2_ws/install/br2_fsm_bumpgo_py:/opt/ros/jazzy DEBUGINFOD_URLS=https://debuginfod.ubuntu.com /usr/bin/cmake --install /home/rock/dev_ws/build/articubot_jazzy
[0.207s] -- Install configuration: ""
[0.208s] -- Execute custom install script
[0.209s] -- Up-to-date symlink: /home/rock/dev_ws/install/articubot_jazzy/share/articubot_jazzy/config/empty.yaml
[0.209s] -- Up-to-date symlink: /home/rock/dev_ws/install/articubot_jazzy/share/articubot_jazzy/description/robot.urdf.xacro
[0.210s] -- Up-to-date symlink: /home/rock/dev_ws/install/articubot_jazzy/share/articubot_jazzy/launch/rsp.launch.py
[0.210s] -- Up-to-date symlink: /home/rock/dev_ws/install/articubot_jazzy/share/articubot_jazzy/worlds/empty.world
[0.211s] -- Up-to-date symlink: /home/rock/dev_ws/install/articubot_jazzy/share/ament_index/resource_index/package_run_dependencies/articubot_jazzy
[0.211s] -- Up-to-date symlink: /home/rock/dev_ws/install/articubot_jazzy/share/ament_index/resource_index/parent_prefix_path/articubot_jazzy
[0.212s] -- Up-to-date symlink: /home/rock/dev_ws/install/articubot_jazzy/share/articubot_jazzy/environment/ament_prefix_path.sh
[0.212s] -- Up-to-date symlink: /home/rock/dev_ws/install/articubot_jazzy/share/articubot_jazzy/environment/ament_prefix_path.dsv
[0.212s] -- Up-to-date symlink: /home/rock/dev_ws/install/articubot_jazzy/share/articubot_jazzy/environment/path.sh
[0.213s] -- Up-to-date symlink: /home/rock/dev_ws/install/articubot_jazzy/share/articubot_jazzy/environment/path.dsv
[0.213s] -- Up-to-date symlink: /home/rock/dev_ws/install/articubot_jazzy/share/articubot_jazzy/local_setup.bash
[0.214s] -- Up-to-date symlink: /home/rock/dev_ws/install/articubot_jazzy/share/articubot_jazzy/local_setup.sh
[0.214s] -- Up-to-date symlink: /home/rock/dev_ws/install/articubot_jazzy/share/articubot_jazzy/local_setup.zsh
[0.214s] -- Up-to-date symlink: /home/rock/dev_ws/install/articubot_jazzy/share/articubot_jazzy/local_setup.dsv
[0.215s] -- Symlinking: /home/rock/dev_ws/install/articubot_jazzy/share/articubot_jazzy/package.dsv
[0.243s] -- Up-to-date symlink: /home/rock/dev_ws/install/articubot_jazzy/share/ament_index/resource_index/packages/articubot_jazzy
[0.244s] -- Up-to-date symlink: /home/rock/dev_ws/install/articubot_jazzy/share/articubot_jazzy/cmake/articubot_jazzyConfig.cmake
[0.244s] -- Up-to-date symlink: /home/rock/dev_ws/install/articubot_jazzy/share/articubot_jazzy/cmake/articubot_jazzyConfig-version.cmake
[0.245s] -- Up-to-date symlink: /home/rock/dev_ws/install/articubot_jazzy/share/articubot_jazzy/package.xml
[0.249s] Invoked command in '/home/rock/dev_ws/build/articubot_jazzy' returned '0': CMAKE_PREFIX_PATH=${CMAKE_PREFIX_PATH}:/home/rock/ros2_ws/install/turtle_controller:/home/rock/ros2_ws/install/my_py_pkg:/home/rock/bookros2_ws/install/launch_pal:/home/rock/bookros2_ws/install/br2_fsm_bumpgo_py:/opt/ros/jazzy DEBUGINFOD_URLS=https://debuginfod.ubuntu.com /usr/bin/cmake --install /home/rock/dev_ws/build/articubot_jazzy
