-- The C compiler identification is GNU 13.3.0
-- The CXX compiler identification is GNU 13.3.0
-- Detecting C compiler ABI info
-- Detecting C compiler ABI info - done
-- Check for working C compiler: /usr/bin/cc - skipped
-- Detecting C compile features
-- Detecting C compile features - done
-- Detecting CXX compiler ABI info
-- Detecting CXX compiler ABI info - done
-- Check for working CXX compiler: /usr/bin/c++ - skipped
-- Detecting CXX compile features
-- Detecting CXX compile features - done
-- Found ament_cmake: 2.5.4 (/opt/ros/jazzy/share/ament_cmake/cmake)
-- Found Python3: /usr/bin/python3 (found version "3.12.3") found components: Interpreter 
-- Override CMake install command with custom implementation using symlinks instead of copying resources
-- Found ament_lint_auto: 0.17.3 (/opt/ros/jazzy/share/ament_lint_auto/cmake)
-- Added test 'copyright' to check source files copyright and LICENSE
-- Added test 'flake8' to check Python code syntax and style conventions
-- Configured 'flake8' exclude dirs and/or files: 
-- Added test 'lint_cmake' to check CMake code style
-- Added test 'pep257' to check Python code against some of the docstring style conventions in PEP 257
-- Added test 'xmllint' to check XML markup files
-- Configuring done (3.5s)
-- Generating done (0.0s)
-- Build files have been written to: /home/rock/dev_ws/build/articubot_jazzy
-- Install configuration: ""
-- Execute custom install script
-- Symlinking: /home/rock/dev_ws/install/articubot_jazzy/share/articubot_jazzy/config/empty.yaml
-- Symlinking: /home/rock/dev_ws/install/articubot_jazzy/share/articubot_jazzy/description/robot.urdf.xacro
-- Symlinking: /home/rock/dev_ws/install/articubot_jazzy/share/articubot_jazzy/launch/rsp.launch.py
-- Symlinking: /home/rock/dev_ws/install/articubot_jazzy/share/articubot_jazzy/worlds/empty.world
-- Symlinking: /home/rock/dev_ws/install/articubot_jazzy/share/ament_index/resource_index/package_run_dependencies/articubot_jazzy
-- Symlinking: /home/rock/dev_ws/install/articubot_jazzy/share/ament_index/resource_index/parent_prefix_path/articubot_jazzy
-- Symlinking: /home/rock/dev_ws/install/articubot_jazzy/share/articubot_jazzy/environment/ament_prefix_path.sh
-- Symlinking: /home/rock/dev_ws/install/articubot_jazzy/share/articubot_jazzy/environment/ament_prefix_path.dsv
-- Symlinking: /home/rock/dev_ws/install/articubot_jazzy/share/articubot_jazzy/environment/path.sh
-- Symlinking: /home/rock/dev_ws/install/articubot_jazzy/share/articubot_jazzy/environment/path.dsv
-- Symlinking: /home/rock/dev_ws/install/articubot_jazzy/share/articubot_jazzy/local_setup.bash
-- Symlinking: /home/rock/dev_ws/install/articubot_jazzy/share/articubot_jazzy/local_setup.sh
-- Symlinking: /home/rock/dev_ws/install/articubot_jazzy/share/articubot_jazzy/local_setup.zsh
-- Symlinking: /home/rock/dev_ws/install/articubot_jazzy/share/articubot_jazzy/local_setup.dsv
-- Symlinking: /home/rock/dev_ws/install/articubot_jazzy/share/articubot_jazzy/package.dsv
-- Symlinking: /home/rock/dev_ws/install/articubot_jazzy/share/ament_index/resource_index/packages/articubot_jazzy
-- Symlinking: /home/rock/dev_ws/install/articubot_jazzy/share/articubot_jazzy/cmake/articubot_jazzyConfig.cmake
-- Symlinking: /home/rock/dev_ws/install/articubot_jazzy/share/articubot_jazzy/cmake/articubot_jazzyConfig-version.cmake
-- Symlinking: /home/rock/dev_ws/install/articubot_jazzy/share/articubot_jazzy/package.xml
