[0.038s] Invoking command in '/home/rock/dev_ws/build/articubot_jazzy': CMAKE_PREFIX_PATH=${CMAKE_PREFIX_PATH}:/home/rock/ros2_ws/install/turtle_controller:/home/rock/ros2_ws/install/my_py_pkg:/home/rock/bookros2_ws/install/launch_pal:/home/rock/bookros2_ws/install/br2_fsm_bumpgo_py:/opt/ros/jazzy DEBUGINFOD_URLS=https://debuginfod.ubuntu.com /usr/bin/cmake /home/rock/dev_ws/src/articubot_jazzy -DAMENT_CMAKE_SYMLINK_INSTALL=1 -DCMAKE_INSTALL_PREFIX=/home/rock/dev_ws/install/articubot_jazzy
[0.352s] -- The C compiler identification is GNU 13.3.0
[0.638s] -- The CXX compiler identification is GNU 13.3.0
[0.682s] -- Detecting C compiler ABI info
[1.208s] -- Detecting C compiler ABI info - done
[1.252s] -- Check for working C compiler: /usr/bin/cc - skipped
[1.254s] -- Detecting C compile features
[1.256s] -- Detecting C compile features - done
[1.315s] -- Detecting CXX compiler ABI info
[1.796s] -- Detecting CXX compiler ABI info - done
[1.820s] -- Check for working CXX compiler: /usr/bin/c++ - skipped
[1.820s] -- Detecting CXX compile features
[1.822s] -- Detecting CXX compile features - done
[1.890s] -- Found ament_cmake: 2.5.4 (/opt/ros/jazzy/share/ament_cmake/cmake)
[2.575s] -- Found Python3: /usr/bin/python3 (found version "3.12.3") found components: Interpreter 
[2.759s] -- Override CMake install command with custom implementation using symlinks instead of copying resources
[3.120s] -- Found ament_lint_auto: 0.17.3 (/opt/ros/jazzy/share/ament_lint_auto/cmake)
[3.539s] -- Added test 'copyright' to check source files copyright and LICENSE
[3.559s] -- Added test 'flake8' to check Python code syntax and style conventions
[3.559s] -- Configured 'flake8' exclude dirs and/or files: 
[3.565s] -- Added test 'lint_cmake' to check CMake code style
[3.570s] -- Added test 'pep257' to check Python code against some of the docstring style conventions in PEP 257
[3.583s] -- Added test 'xmllint' to check XML markup files
[3.594s] -- Configuring done (3.5s)
[3.602s] -- Generating done (0.0s)
[3.605s] -- Build files have been written to: /home/rock/dev_ws/build/articubot_jazzy
[3.617s] Invoked command in '/home/rock/dev_ws/build/articubot_jazzy' returned '0': CMAKE_PREFIX_PATH=${CMAKE_PREFIX_PATH}:/home/rock/ros2_ws/install/turtle_controller:/home/rock/ros2_ws/install/my_py_pkg:/home/rock/bookros2_ws/install/launch_pal:/home/rock/bookros2_ws/install/br2_fsm_bumpgo_py:/opt/ros/jazzy DEBUGINFOD_URLS=https://debuginfod.ubuntu.com /usr/bin/cmake /home/rock/dev_ws/src/articubot_jazzy -DAMENT_CMAKE_SYMLINK_INSTALL=1 -DCMAKE_INSTALL_PREFIX=/home/rock/dev_ws/install/articubot_jazzy
[3.619s] Invoking command in '/home/rock/dev_ws/build/articubot_jazzy': CMAKE_PREFIX_PATH=${CMAKE_PREFIX_PATH}:/home/rock/ros2_ws/install/turtle_controller:/home/rock/ros2_ws/install/my_py_pkg:/home/rock/bookros2_ws/install/launch_pal:/home/rock/bookros2_ws/install/br2_fsm_bumpgo_py:/opt/ros/jazzy DEBUGINFOD_URLS=https://debuginfod.ubuntu.com /usr/bin/cmake --build /home/rock/dev_ws/build/articubot_jazzy -- -j8 -l8
[3.847s] Invoked command in '/home/rock/dev_ws/build/articubot_jazzy' returned '0': CMAKE_PREFIX_PATH=${CMAKE_PREFIX_PATH}:/home/rock/ros2_ws/install/turtle_controller:/home/rock/ros2_ws/install/my_py_pkg:/home/rock/bookros2_ws/install/launch_pal:/home/rock/bookros2_ws/install/br2_fsm_bumpgo_py:/opt/ros/jazzy DEBUGINFOD_URLS=https://debuginfod.ubuntu.com /usr/bin/cmake --build /home/rock/dev_ws/build/articubot_jazzy -- -j8 -l8
[3.929s] Invoking command in '/home/rock/dev_ws/build/articubot_jazzy': CMAKE_PREFIX_PATH=${CMAKE_PREFIX_PATH}:/home/rock/ros2_ws/install/turtle_controller:/home/rock/ros2_ws/install/my_py_pkg:/home/rock/bookros2_ws/install/launch_pal:/home/rock/bookros2_ws/install/br2_fsm_bumpgo_py:/opt/ros/jazzy DEBUGINFOD_URLS=https://debuginfod.ubuntu.com /usr/bin/cmake --install /home/rock/dev_ws/build/articubot_jazzy
[3.984s] -- Install configuration: ""
[3.985s] -- Execute custom install script
[3.986s] -- Symlinking: /home/rock/dev_ws/install/articubot_jazzy/share/articubot_jazzy/config/empty.yaml
[4.018s] -- Symlinking: /home/rock/dev_ws/install/articubot_jazzy/share/articubot_jazzy/description/robot.urdf.xacro
[4.051s] -- Symlinking: /home/rock/dev_ws/install/articubot_jazzy/share/articubot_jazzy/launch/rsp.launch.py
[4.082s] -- Symlinking: /home/rock/dev_ws/install/articubot_jazzy/share/articubot_jazzy/worlds/empty.world
[4.112s] -- Symlinking: /home/rock/dev_ws/install/articubot_jazzy/share/ament_index/resource_index/package_run_dependencies/articubot_jazzy
[4.150s] -- Symlinking: /home/rock/dev_ws/install/articubot_jazzy/share/ament_index/resource_index/parent_prefix_path/articubot_jazzy
[4.187s] -- Symlinking: /home/rock/dev_ws/install/articubot_jazzy/share/articubot_jazzy/environment/ament_prefix_path.sh
[4.222s] -- Symlinking: /home/rock/dev_ws/install/articubot_jazzy/share/articubot_jazzy/environment/ament_prefix_path.dsv
[4.278s] -- Symlinking: /home/rock/dev_ws/install/articubot_jazzy/share/articubot_jazzy/environment/path.sh
[4.358s] -- Symlinking: /home/rock/dev_ws/install/articubot_jazzy/share/articubot_jazzy/environment/path.dsv
[4.419s] -- Symlinking: /home/rock/dev_ws/install/articubot_jazzy/share/articubot_jazzy/local_setup.bash
[4.450s] -- Symlinking: /home/rock/dev_ws/install/articubot_jazzy/share/articubot_jazzy/local_setup.sh
[4.495s] -- Symlinking: /home/rock/dev_ws/install/articubot_jazzy/share/articubot_jazzy/local_setup.zsh
[4.578s] -- Symlinking: /home/rock/dev_ws/install/articubot_jazzy/share/articubot_jazzy/local_setup.dsv
[4.642s] -- Symlinking: /home/rock/dev_ws/install/articubot_jazzy/share/articubot_jazzy/package.dsv
[4.677s] -- Symlinking: /home/rock/dev_ws/install/articubot_jazzy/share/ament_index/resource_index/packages/articubot_jazzy
[4.737s] -- Symlinking: /home/rock/dev_ws/install/articubot_jazzy/share/articubot_jazzy/cmake/articubot_jazzyConfig.cmake
[4.806s] -- Symlinking: /home/rock/dev_ws/install/articubot_jazzy/share/articubot_jazzy/cmake/articubot_jazzyConfig-version.cmake
[4.863s] -- Symlinking: /home/rock/dev_ws/install/articubot_jazzy/share/articubot_jazzy/package.xml
[4.896s] Invoked command in '/home/rock/dev_ws/build/articubot_jazzy' returned '0': CMAKE_PREFIX_PATH=${CMAKE_PREFIX_PATH}:/home/rock/ros2_ws/install/turtle_controller:/home/rock/ros2_ws/install/my_py_pkg:/home/rock/bookros2_ws/install/launch_pal:/home/rock/bookros2_ws/install/br2_fsm_bumpgo_py:/opt/ros/jazzy DEBUGINFOD_URLS=https://debuginfod.ubuntu.com /usr/bin/cmake --install /home/rock/dev_ws/build/articubot_jazzy
