[0.056s] Invoking command in '/home/rock/dev_ws/build/serial': CMAKE_PREFIX_PATH=${CMAKE_PREFIX_PATH}:/home/rock/ros2_ws/install/turtle_controller:/home/rock/ros2_ws/install/my_py_pkg:/home/rock/bookros2_ws/install/launch_pal:/home/rock/bookros2_ws/install/br2_fsm_bumpgo_py:/opt/ros/jazzy DEBUGINFOD_URLS=https://debuginfod.ubuntu.com /usr/bin/cmake --build /home/rock/dev_ws/build/serial -- -j8 -l8
[0.237s] [ 28%] Built target serial
[0.244s] [ 42%] Built target gtest_main
[0.246s] [ 57%] Built target gtest
[0.317s] [ 71%] Built target serial_example
[0.329s] [ 85%] Built target serial-test
[0.332s] [100%] Built target serial-test-timer
[0.371s] Invoked command in '/home/rock/dev_ws/build/serial' returned '0': CMAKE_PREFIX_PATH=${CMAKE_PREFIX_PATH}:/home/rock/ros2_ws/install/turtle_controller:/home/rock/ros2_ws/install/my_py_pkg:/home/rock/bookros2_ws/install/launch_pal:/home/rock/bookros2_ws/install/br2_fsm_bumpgo_py:/opt/ros/jazzy DEBUGINFOD_URLS=https://debuginfod.ubuntu.com /usr/bin/cmake --build /home/rock/dev_ws/build/serial -- -j8 -l8
[0.374s] Invoking command in '/home/rock/dev_ws/build/serial': CMAKE_PREFIX_PATH=${CMAKE_PREFIX_PATH}:/home/rock/ros2_ws/install/turtle_controller:/home/rock/ros2_ws/install/my_py_pkg:/home/rock/bookros2_ws/install/launch_pal:/home/rock/bookros2_ws/install/br2_fsm_bumpgo_py:/opt/ros/jazzy DEBUGINFOD_URLS=https://debuginfod.ubuntu.com /usr/bin/cmake --install /home/rock/dev_ws/build/serial
[0.416s] -- Install configuration: ""
[0.419s] -- Execute custom install script
[0.421s] -- Up-to-date symlink: /home/rock/dev_ws/install/serial/lib/libserial.a
[0.423s] -- Up-to-date symlink: /home/rock/dev_ws/install/serial/include/serial/serial.h
[0.424s] -- Up-to-date symlink: /home/rock/dev_ws/install/serial/include/serial/v8stdint.h
[0.426s] -- Up-to-date symlink: /home/rock/dev_ws/install/serial/share/serial/environment/library_path.sh
[0.427s] -- Up-to-date symlink: /home/rock/dev_ws/install/serial/share/serial/environment/library_path.dsv
[0.428s] -- Up-to-date symlink: /home/rock/dev_ws/install/serial/share/ament_index/resource_index/package_run_dependencies/serial
[0.429s] -- Up-to-date symlink: /home/rock/dev_ws/install/serial/share/ament_index/resource_index/parent_prefix_path/serial
[0.431s] -- Up-to-date symlink: /home/rock/dev_ws/install/serial/share/serial/environment/ament_prefix_path.sh
[0.432s] -- Up-to-date symlink: /home/rock/dev_ws/install/serial/share/serial/environment/ament_prefix_path.dsv
[0.433s] -- Up-to-date symlink: /home/rock/dev_ws/install/serial/share/serial/environment/path.sh
[0.434s] -- Up-to-date symlink: /home/rock/dev_ws/install/serial/share/serial/environment/path.dsv
[0.434s] -- Up-to-date symlink: /home/rock/dev_ws/install/serial/share/serial/local_setup.bash
[0.435s] -- Up-to-date symlink: /home/rock/dev_ws/install/serial/share/serial/local_setup.sh
[0.436s] -- Up-to-date symlink: /home/rock/dev_ws/install/serial/share/serial/local_setup.zsh
[0.437s] -- Up-to-date symlink: /home/rock/dev_ws/install/serial/share/serial/local_setup.dsv
[0.438s] -- Symlinking: /home/rock/dev_ws/install/serial/share/serial/package.dsv
[0.511s] -- Up-to-date symlink: /home/rock/dev_ws/install/serial/share/ament_index/resource_index/packages/serial
[0.513s] -- Up-to-date symlink: /home/rock/dev_ws/install/serial/share/serial/cmake/ament_cmake_export_include_directories-extras.cmake
[0.514s] -- Up-to-date symlink: /home/rock/dev_ws/install/serial/share/serial/cmake/ament_cmake_export_libraries-extras.cmake
[0.516s] -- Up-to-date symlink: /home/rock/dev_ws/install/serial/share/serial/cmake/serialConfig.cmake
[0.517s] -- Up-to-date symlink: /home/rock/dev_ws/install/serial/share/serial/cmake/serialConfig-version.cmake
[0.518s] -- Up-to-date symlink: /home/rock/dev_ws/install/serial/share/serial/package.xml
[0.532s] Invoked command in '/home/rock/dev_ws/build/serial' returned '0': CMAKE_PREFIX_PATH=${CMAKE_PREFIX_PATH}:/home/rock/ros2_ws/install/turtle_controller:/home/rock/ros2_ws/install/my_py_pkg:/home/rock/bookros2_ws/install/launch_pal:/home/rock/bookros2_ws/install/br2_fsm_bumpgo_py:/opt/ros/jazzy DEBUGINFOD_URLS=https://debuginfod.ubuntu.com /usr/bin/cmake --install /home/rock/dev_ws/build/serial
