[ 57%] Built target diffdrive_arduino
[ 71%] [32mBuilding CXX object CMakeFiles/fake_robot.dir/src/fake_robot.cpp.o[0m
[01m[K/home/rock/dev_ws/src/diffdrive_arduino/src/fake_robot.cpp:[m[K In member function ‘[01m[Kvirtual hardware_interface::CallbackReturn FakeRobot::[01;32m[Kon_init[m[K(const hardware_interface::HardwareInfo&)[m[K’:
[01m[K/home/rock/dev_ws/src/diffdrive_arduino/src/fake_robot.cpp:11:51:[m[K [01;35m[Kwarning: [m[K‘[01m[Kvirtual rclcpp_lifecycle::node_interfaces::LifecycleNodeInterface::CallbackReturn hardware_interface::HardwareComponentInterface::[01;32m[Kon_init[m[K(const hardware_interface::HardwareInfo&)[m[K’ is deprecated: Use on_init(const HardwareComponentInterfaceParams & params) instead. [[01;35m[K]8;;https://gcc.gnu.org/onlinedocs/gcc/Warning-Options.html#index-Wdeprecated-declarations-Wdeprecated-declarations]8;;[m[K]
   11 |   if ([01;35m[Khardware_interface::SystemInterface::on_init(info)[m[K != CallbackReturn::SUCCESS)
      |       [01;35m[K~~~~~~~~~~~~~~~~~~~~~~~~~~~~~~~~~~~~~~~~~~~~^~~~~~[m[K
In file included from [01m[K/opt/ros/jazzy/include/hardware_interface/hardware_interface/system_interface.hpp:18[m[K,
                 from [01m[K/home/rock/dev_ws/src/diffdrive_arduino/include/diffdrive_arduino/fake_robot.h:9[m[K,
                 from [01m[K/home/rock/dev_ws/src/diffdrive_arduino/src/fake_robot.cpp:1[m[K:
[01m[K/opt/ros/jazzy/include/hardware_interface/hardware_interface/hardware_component_interface.hpp:226:26:[m[K [01;36m[Knote: [m[Kdeclared here
  226 |   virtual CallbackReturn [01;36m[Kon_init[m[K(const HardwareInfo & hardware_info)
      |                          [01;36m[K^~~~~~~[m[K
[ 85%] [32m[1mLinking CXX shared library libfake_robot.so[0m
[100%] Built target fake_robot
-- Install configuration: ""
-- Execute custom install script
-- Up-to-date symlink: /home/rock/dev_ws/install/diffdrive_arduino/share/diffdrive_arduino//robot_hardware.xml
-- Up-to-date symlink: /home/rock/dev_ws/install/diffdrive_arduino/share/diffdrive_arduino//fake_robot_hardware.xml
-- Up-to-date symlink: /home/rock/dev_ws/install/diffdrive_arduino/lib/libdiffdrive_arduino.so
-- Up-to-date symlink: /home/rock/dev_ws/install/diffdrive_arduino/lib/libfake_robot.so
-- Up-to-date symlink: /home/rock/dev_ws/install/diffdrive_arduino/share/diffdrive_arduino/controllers/robot_controller_example.yaml
-- Up-to-date symlink: /home/rock/dev_ws/install/diffdrive_arduino/share/diffdrive_arduino/__pycache__/test_robot.launch.cpython-310.pyc
-- Up-to-date symlink: /home/rock/dev_ws/install/diffdrive_arduino/share/diffdrive_arduino/fake_robot.launch.py
-- Up-to-date symlink: /home/rock/dev_ws/install/diffdrive_arduino/share/diffdrive_arduino/test_robot.launch.py
-- Up-to-date symlink: /home/rock/dev_ws/install/diffdrive_arduino/share/diffdrive_arduino/environment/library_path.sh
-- Up-to-date symlink: /home/rock/dev_ws/install/diffdrive_arduino/share/diffdrive_arduino/environment/library_path.dsv
-- Up-to-date symlink: /home/rock/dev_ws/install/diffdrive_arduino/share/ament_index/resource_index/package_run_dependencies/diffdrive_arduino
-- Up-to-date symlink: /home/rock/dev_ws/install/diffdrive_arduino/share/ament_index/resource_index/parent_prefix_path/diffdrive_arduino
-- Up-to-date symlink: /home/rock/dev_ws/install/diffdrive_arduino/share/diffdrive_arduino/environment/ament_prefix_path.sh
-- Up-to-date symlink: /home/rock/dev_ws/install/diffdrive_arduino/share/diffdrive_arduino/environment/ament_prefix_path.dsv
-- Up-to-date symlink: /home/rock/dev_ws/install/diffdrive_arduino/share/diffdrive_arduino/environment/path.sh
-- Up-to-date symlink: /home/rock/dev_ws/install/diffdrive_arduino/share/diffdrive_arduino/environment/path.dsv
-- Up-to-date symlink: /home/rock/dev_ws/install/diffdrive_arduino/share/diffdrive_arduino/local_setup.bash
-- Up-to-date symlink: /home/rock/dev_ws/install/diffdrive_arduino/share/diffdrive_arduino/local_setup.sh
-- Up-to-date symlink: /home/rock/dev_ws/install/diffdrive_arduino/share/diffdrive_arduino/local_setup.zsh
-- Up-to-date symlink: /home/rock/dev_ws/install/diffdrive_arduino/share/diffdrive_arduino/local_setup.dsv
-- Symlinking: /home/rock/dev_ws/install/diffdrive_arduino/share/diffdrive_arduino/package.dsv
-- Up-to-date symlink: /home/rock/dev_ws/install/diffdrive_arduino/share/ament_index/resource_index/packages/diffdrive_arduino
-- Up-to-date symlink: /home/rock/dev_ws/install/diffdrive_arduino/share/ament_index/resource_index/hardware_interface__pluginlib__plugin/diffdrive_arduino
-- Up-to-date symlink: /home/rock/dev_ws/install/diffdrive_arduino/share/diffdrive_arduino/cmake/ament_cmake_export_libraries-extras.cmake
-- Up-to-date symlink: /home/rock/dev_ws/install/diffdrive_arduino/share/diffdrive_arduino/cmake/ament_cmake_export_dependencies-extras.cmake
-- Up-to-date symlink: /home/rock/dev_ws/install/diffdrive_arduino/share/diffdrive_arduino/cmake/diffdrive_arduinoConfig.cmake
-- Up-to-date symlink: /home/rock/dev_ws/install/diffdrive_arduino/share/diffdrive_arduino/cmake/diffdrive_arduinoConfig-version.cmake
-- Up-to-date symlink: /home/rock/dev_ws/install/diffdrive_arduino/share/diffdrive_arduino/package.xml
