[0.036s] Invoking command in '/home/rock/dev_ws/build/diffdrive_arduino': AMENT_PREFIX_PATH=/home/rock/dev_ws/install/serial:${AMENT_PREFIX_PATH} CMAKE_PREFIX_PATH=/home/rock/dev_ws/install/serial:/home/rock/ros2_ws/install/my_robot_bringup:/home/rock/ros2_ws/install/my_cpp_pkg:/home/rock/ros2_ws/install/my_robot_interfaces:/home/rock/bookros2_ws/install/br2_deep_ros:/home/rock/bookros2_ws/install/yaets:/home/rock/bookros2_ws/install/tiago_simulation:/home/rock/bookros2_ws/install/tiago_robot:/home/rock/bookros2_ws/install/tiago_navigation:/home/rock/bookros2_ws/install/tiago_gazebo:/home/rock/bookros2_ws/install/tiago_moveit_config:/home/rock/bookros2_ws/install/tiago_2dnav:/home/rock/bookros2_ws/install/tiago_laser_sensors:/home/rock/bookros2_ws/install/tiago_bringup:/home/rock/bookros2_ws/install/tiago_description:/home/rock/bookros2_ws/install/tiago_controller_configuration:/home/rock/bookros2_ws/install/pmb2_robot:/home/rock/bookros2_ws/install/pmb2_rgbd_sensors:/home/rock/bookros2_ws/install/pmb2_navigation:/home/rock/bookros2_ws/install/pmb2_laser_sensors:/home/rock/bookros2_ws/install/pmb2_bringup:/home/rock/bookros2_ws/install/pmb2_description:/home/rock/bookros2_ws/install/pmb2_controller_configuration:/home/rock/bookros2_ws/install/pmb2_2dnav:/home/rock/bookros2_ws/install/play_motion2:/home/rock/bookros2_ws/install/play_motion2_msgs:/home/rock/bookros2_ws/install/pal_hey5:/home/rock/bookros2_ws/install/pal_hey5_description:/home/rock/bookros2_ws/install/pal_gripper_simulation:/home/rock/bookros2_ws/install/pal_gripper:/home/rock/bookros2_ws/install/pal_gripper_description:/home/rock/bookros2_ws/install/omni_base_robot:/home/rock/bookros2_ws/install/omni_base_bringup:/home/rock/bookros2_ws/install/omni_base_description:/home/rock/bookros2_ws/install/pal_urdf_utils:/home/rock/bookros2_ws/install/pal_robotiq_gripper:/home/rock/bookros2_ws/install/pal_robotiq_description:/home/rock/bookros2_ws/install/pal_robotiq_controller_configuration:/home/rock/bookros2_ws/install/pal_maps:/home/rock/bookros2_ws/install/pal_hey5_controller_configuration:/home/rock/bookros2_ws/install/pal_gripper_controller_configuration:/home/rock/bookros2_ws/install/omni_base_controller_configuration:/home/rock/bookros2_ws/install/groot:/home/rock/bookros2_ws/install/br2_vff_avoidance:/home/rock/bookros2_ws/install/br2_tracking:/home/rock/bookros2_ws/install/br2_tracking_msgs:/home/rock/bookros2_ws/install/br2_tiago:/home/rock/bookros2_ws/install/br2_tf2_detector:/home/rock/bookros2_ws/install/br2_navigation:/home/rock/bookros2_ws/install/br2_gazebo_worlds:/home/rock/bookros2_ws/install/br2_fsm_bumpgo_cpp:/home/rock/bookros2_ws/install/br2_bt_patrolling:/home/rock/bookros2_ws/install/br2_bt_bumpgo:/home/rock/bookros2_ws/install/br2_basics:/home/rock/bookros2_ws/install/behaviortree_cpp_v3:/opt/ros/jazzy/opt/gz_sim_vendor:/opt/ros/jazzy/opt/gz_sensors_vendor:/opt/ros/jazzy/opt/gz_physics_vendor:/opt/ros/jazzy/opt/sdformat_vendor:/opt/ros/jazzy/opt/gz_gui_vendor:/opt/ros/jazzy/opt/gz_transport_vendor:/opt/ros/jazzy/opt/gz_rendering_vendor:/opt/ros/jazzy/opt/gz_plugin_vendor:/opt/ros/jazzy/opt/gz_fuel_tools_vendor:/opt/ros/jazzy/opt/gz_msgs_vendor:/opt/ros/jazzy/opt/gz_common_vendor:/opt/ros/jazzy/opt/gz_math_vendor:/opt/ros/jazzy/opt/gz_utils_vendor:/opt/ros/jazzy/opt/gz_tools_vendor:/opt/ros/jazzy/opt/gz_ogre_next_vendor:/opt/ros/jazzy/opt/gz_dartsim_vendor:/opt/ros/jazzy/opt/gz_cmake_vendor:/home/rock/ros2_ws/install/turtle_controller:/home/rock/ros2_ws/install/my_py_pkg:/home/rock/bookros2_ws/install/launch_pal:/home/rock/bookros2_ws/install/br2_fsm_bumpgo_py:/opt/ros/jazzy DEBUGINFOD_URLS=https://debuginfod.ubuntu.com LD_LIBRARY_PATH=/home/rock/dev_ws/install/serial/lib:${LD_LIBRARY_PATH} /usr/bin/cmake --build /home/rock/dev_ws/build/diffdrive_arduino -- -j8 -l8
[0.147s] -- Found ament_cmake: 2.5.4 (/opt/ros/jazzy/share/ament_cmake/cmake)
[0.826s] -- Override CMake install command with custom implementation using symlinks instead of copying resources
[0.839s] -- Found serial: 1.2.1 (/home/rock/dev_ws/install/serial/share/serial/cmake)
[0.841s] -- Found hardware_interface: 4.38.0 (/opt/ros/jazzy/share/hardware_interface/cmake)
[0.913s] -- Found rosidl_generator_c: 4.6.6 (/opt/ros/jazzy/share/rosidl_generator_c/cmake)
[0.932s] -- Found rosidl_generator_cpp: 4.6.6 (/opt/ros/jazzy/share/rosidl_generator_cpp/cmake)
[0.959s] -- Using all available rosidl_typesupport_c: rosidl_typesupport_fastrtps_c;rosidl_typesupport_introspection_c
[0.989s] -- Using all available rosidl_typesupport_cpp: rosidl_typesupport_fastrtps_cpp;rosidl_typesupport_introspection_cpp
[1.332s] -- Found TinyXML2 via Config file: /usr/lib/x86_64-linux-gnu/cmake/tinyxml2
[1.395s] -- Found rmw_implementation_cmake: 7.3.2 (/opt/ros/jazzy/share/rmw_implementation_cmake/cmake)
[1.401s] -- Found rmw_fastrtps_cpp: 8.4.3 (/opt/ros/jazzy/share/rmw_fastrtps_cpp/cmake)
[1.434s] -- Found TinyXML2 via Config file: /usr/lib/x86_64-linux-gnu/cmake/tinyxml2
[1.452s] -- Found TinyXML2 via Config file: /usr/lib/x86_64-linux-gnu/cmake/tinyxml2
[1.490s] -- Found TinyXML2 via Config file: /usr/lib/x86_64-linux-gnu/cmake/tinyxml2
[1.507s] -- Found TinyXML2 via Config file: /usr/lib/x86_64-linux-gnu/cmake/tinyxml2
[1.536s] -- Using RMW implementation 'rmw_fastrtps_cpp' as default
[1.783s] -- Found controller_manager: 4.38.0 (/opt/ros/jazzy/share/controller_manager/cmake)
[2.166s] -- Configuring done (2.0s)
[2.260s] -- Generating done (0.1s)
[2.276s] -- Build files have been written to: /home/rock/dev_ws/build/diffdrive_arduino
[2.396s] [ 14%] [32mBuilding CXX object CMakeFiles/fake_robot.dir/src/fake_robot.cpp.o[0m
[2.404s] [ 28%] [32mBuilding CXX object CMakeFiles/fake_robot.dir/src/wheel.cpp.o[0m
[2.412s] [ 42%] [32mBuilding CXX object CMakeFiles/diffdrive_arduino.dir/src/diffdrive_arduino.cpp.o[0m
[2.417s] [ 57%] [32mBuilding CXX object CMakeFiles/diffdrive_arduino.dir/src/arduino_comms.cpp.o[0m
[2.418s] [ 71%] [32mBuilding CXX object CMakeFiles/diffdrive_arduino.dir/src/wheel.cpp.o[0m
[8.902s] [01m[K/home/rock/dev_ws/src/diffdrive_arduino/src/diffdrive_arduino.cpp:[m[K In member function ‘[01m[Kvirtual hardware_interface::CallbackReturn diffdrive_arduino::DiffDriveArduino::[01;32m[Kon_init[m[K(const hardware_interface::HardwareInfo&)[m[K’:
[8.902s] [01m[K/home/rock/dev_ws/src/diffdrive_arduino/src/diffdrive_arduino.cpp:19:51:[m[K [01;35m[Kwarning: [m[K‘[01m[Kvirtual rclcpp_lifecycle::node_interfaces::LifecycleNodeInterface::CallbackReturn hardware_interface::HardwareComponentInterface::[01;32m[Kon_init[m[K(const hardware_interface::HardwareInfo&)[m[K’ is deprecated: Use on_init(const HardwareComponentInterfaceParams & params) instead. [[01;35m[K]8;;https://gcc.gnu.org/onlinedocs/gcc/Warning-Options.html#index-Wdeprecated-declarations-Wdeprecated-declarations]8;;[m[K]
[8.902s]    19 |   if ([01;35m[Khardware_interface::SystemInterface::on_init(info)[m[K != CallbackReturn::SUCCESS)
[8.903s]       |       [01;35m[K~~~~~~~~~~~~~~~~~~~~~~~~~~~~~~~~~~~~~~~~~~~~^~~~~~[m[K
[8.903s] In file included from [01m[K/opt/ros/jazzy/include/hardware_interface/hardware_interface/system_interface.hpp:18[m[K,
[8.903s]                  from [01m[K/home/rock/dev_ws/src/diffdrive_arduino/include/diffdrive_arduino/diffdrive_arduino.h:9[m[K,
[8.903s]                  from [01m[K/home/rock/dev_ws/src/diffdrive_arduino/src/diffdrive_arduino.cpp:1[m[K:
[8.903s] [01m[K/opt/ros/jazzy/include/hardware_interface/hardware_interface/hardware_component_interface.hpp:226:26:[m[K [01;36m[Knote: [m[Kdeclared here
[8.903s]   226 |   virtual CallbackReturn [01;36m[Kon_init[m[K(const HardwareInfo & hardware_info)
[8.903s]       |                          [01;36m[K^~~~~~~[m[K
[10.809s] [01m[K/home/rock/dev_ws/src/diffdrive_arduino/src/fake_robot.cpp:[m[K In member function ‘[01m[Kvirtual hardware_interface::CallbackReturn FakeRobot::[01;32m[Kon_init[m[K(const hardware_interface::HardwareInfo&)[m[K’:
[10.809s] [01m[K/home/rock/dev_ws/src/diffdrive_arduino/src/fake_robot.cpp:11:51:[m[K [01;35m[Kwarning: [m[K‘[01m[Kvirtual rclcpp_lifecycle::node_interfaces::LifecycleNodeInterface::CallbackReturn hardware_interface::HardwareComponentInterface::[01;32m[Kon_init[m[K(const hardware_interface::HardwareInfo&)[m[K’ is deprecated: Use on_init(const HardwareComponentInterfaceParams & params) instead. [[01;35m[K]8;;https://gcc.gnu.org/onlinedocs/gcc/Warning-Options.html#index-Wdeprecated-declarations-Wdeprecated-declarations]8;;[m[K]
[10.809s]    11 |   if ([01;35m[Khardware_interface::SystemInterface::on_init(info)[m[K != CallbackReturn::SUCCESS)
[10.809s]       |       [01;35m[K~~~~~~~~~~~~~~~~~~~~~~~~~~~~~~~~~~~~~~~~~~~~^~~~~~[m[K
[10.809s] In file included from [01m[K/opt/ros/jazzy/include/hardware_interface/hardware_interface/system_interface.hpp:18[m[K,
[10.810s]                  from [01m[K/home/rock/dev_ws/src/diffdrive_arduino/include/diffdrive_arduino/fake_robot.h:9[m[K,
[10.810s]                  from [01m[K/home/rock/dev_ws/src/diffdrive_arduino/src/fake_robot.cpp:1[m[K:
[10.810s] [01m[K/opt/ros/jazzy/include/hardware_interface/hardware_interface/hardware_component_interface.hpp:226:26:[m[K [01;36m[Knote: [m[Kdeclared here
[10.810s]   226 |   virtual CallbackReturn [01;36m[Kon_init[m[K(const HardwareInfo & hardware_info)
[10.810s]       |                          [01;36m[K^~~~~~~[m[K
[14.431s] [ 85%] [32m[1mLinking CXX shared library libdiffdrive_arduino.so[0m
[15.029s] [ 85%] Built target diffdrive_arduino
[16.093s] [100%] [32m[1mLinking CXX shared library libfake_robot.so[0m
[16.668s] [100%] Built target fake_robot
[16.703s] Invoked command in '/home/rock/dev_ws/build/diffdrive_arduino' returned '0': AMENT_PREFIX_PATH=/home/rock/dev_ws/install/serial:${AMENT_PREFIX_PATH} CMAKE_PREFIX_PATH=/home/rock/dev_ws/install/serial:/home/rock/ros2_ws/install/my_robot_bringup:/home/rock/ros2_ws/install/my_cpp_pkg:/home/rock/ros2_ws/install/my_robot_interfaces:/home/rock/bookros2_ws/install/br2_deep_ros:/home/rock/bookros2_ws/install/yaets:/home/rock/bookros2_ws/install/tiago_simulation:/home/rock/bookros2_ws/install/tiago_robot:/home/rock/bookros2_ws/install/tiago_navigation:/home/rock/bookros2_ws/install/tiago_gazebo:/home/rock/bookros2_ws/install/tiago_moveit_config:/home/rock/bookros2_ws/install/tiago_2dnav:/home/rock/bookros2_ws/install/tiago_laser_sensors:/home/rock/bookros2_ws/install/tiago_bringup:/home/rock/bookros2_ws/install/tiago_description:/home/rock/bookros2_ws/install/tiago_controller_configuration:/home/rock/bookros2_ws/install/pmb2_robot:/home/rock/bookros2_ws/install/pmb2_rgbd_sensors:/home/rock/bookros2_ws/install/pmb2_navigation:/home/rock/bookros2_ws/install/pmb2_laser_sensors:/home/rock/bookros2_ws/install/pmb2_bringup:/home/rock/bookros2_ws/install/pmb2_description:/home/rock/bookros2_ws/install/pmb2_controller_configuration:/home/rock/bookros2_ws/install/pmb2_2dnav:/home/rock/bookros2_ws/install/play_motion2:/home/rock/bookros2_ws/install/play_motion2_msgs:/home/rock/bookros2_ws/install/pal_hey5:/home/rock/bookros2_ws/install/pal_hey5_description:/home/rock/bookros2_ws/install/pal_gripper_simulation:/home/rock/bookros2_ws/install/pal_gripper:/home/rock/bookros2_ws/install/pal_gripper_description:/home/rock/bookros2_ws/install/omni_base_robot:/home/rock/bookros2_ws/install/omni_base_bringup:/home/rock/bookros2_ws/install/omni_base_description:/home/rock/bookros2_ws/install/pal_urdf_utils:/home/rock/bookros2_ws/install/pal_robotiq_gripper:/home/rock/bookros2_ws/install/pal_robotiq_description:/home/rock/bookros2_ws/install/pal_robotiq_controller_configuration:/home/rock/bookros2_ws/install/pal_maps:/home/rock/bookros2_ws/install/pal_hey5_controller_configuration:/home/rock/bookros2_ws/install/pal_gripper_controller_configuration:/home/rock/bookros2_ws/install/omni_base_controller_configuration:/home/rock/bookros2_ws/install/groot:/home/rock/bookros2_ws/install/br2_vff_avoidance:/home/rock/bookros2_ws/install/br2_tracking:/home/rock/bookros2_ws/install/br2_tracking_msgs:/home/rock/bookros2_ws/install/br2_tiago:/home/rock/bookros2_ws/install/br2_tf2_detector:/home/rock/bookros2_ws/install/br2_navigation:/home/rock/bookros2_ws/install/br2_gazebo_worlds:/home/rock/bookros2_ws/install/br2_fsm_bumpgo_cpp:/home/rock/bookros2_ws/install/br2_bt_patrolling:/home/rock/bookros2_ws/install/br2_bt_bumpgo:/home/rock/bookros2_ws/install/br2_basics:/home/rock/bookros2_ws/install/behaviortree_cpp_v3:/opt/ros/jazzy/opt/gz_sim_vendor:/opt/ros/jazzy/opt/gz_sensors_vendor:/opt/ros/jazzy/opt/gz_physics_vendor:/opt/ros/jazzy/opt/sdformat_vendor:/opt/ros/jazzy/opt/gz_gui_vendor:/opt/ros/jazzy/opt/gz_transport_vendor:/opt/ros/jazzy/opt/gz_rendering_vendor:/opt/ros/jazzy/opt/gz_plugin_vendor:/opt/ros/jazzy/opt/gz_fuel_tools_vendor:/opt/ros/jazzy/opt/gz_msgs_vendor:/opt/ros/jazzy/opt/gz_common_vendor:/opt/ros/jazzy/opt/gz_math_vendor:/opt/ros/jazzy/opt/gz_utils_vendor:/opt/ros/jazzy/opt/gz_tools_vendor:/opt/ros/jazzy/opt/gz_ogre_next_vendor:/opt/ros/jazzy/opt/gz_dartsim_vendor:/opt/ros/jazzy/opt/gz_cmake_vendor:/home/rock/ros2_ws/install/turtle_controller:/home/rock/ros2_ws/install/my_py_pkg:/home/rock/bookros2_ws/install/launch_pal:/home/rock/bookros2_ws/install/br2_fsm_bumpgo_py:/opt/ros/jazzy DEBUGINFOD_URLS=https://debuginfod.ubuntu.com LD_LIBRARY_PATH=/home/rock/dev_ws/install/serial/lib:${LD_LIBRARY_PATH} /usr/bin/cmake --build /home/rock/dev_ws/build/diffdrive_arduino -- -j8 -l8
[16.706s] Invoking command in '/home/rock/dev_ws/build/diffdrive_arduino': AMENT_PREFIX_PATH=/home/rock/dev_ws/install/serial:${AMENT_PREFIX_PATH} CMAKE_PREFIX_PATH=/home/rock/dev_ws/install/serial:/home/rock/ros2_ws/install/my_robot_bringup:/home/rock/ros2_ws/install/my_cpp_pkg:/home/rock/ros2_ws/install/my_robot_interfaces:/home/rock/bookros2_ws/install/br2_deep_ros:/home/rock/bookros2_ws/install/yaets:/home/rock/bookros2_ws/install/tiago_simulation:/home/rock/bookros2_ws/install/tiago_robot:/home/rock/bookros2_ws/install/tiago_navigation:/home/rock/bookros2_ws/install/tiago_gazebo:/home/rock/bookros2_ws/install/tiago_moveit_config:/home/rock/bookros2_ws/install/tiago_2dnav:/home/rock/bookros2_ws/install/tiago_laser_sensors:/home/rock/bookros2_ws/install/tiago_bringup:/home/rock/bookros2_ws/install/tiago_description:/home/rock/bookros2_ws/install/tiago_controller_configuration:/home/rock/bookros2_ws/install/pmb2_robot:/home/rock/bookros2_ws/install/pmb2_rgbd_sensors:/home/rock/bookros2_ws/install/pmb2_navigation:/home/rock/bookros2_ws/install/pmb2_laser_sensors:/home/rock/bookros2_ws/install/pmb2_bringup:/home/rock/bookros2_ws/install/pmb2_description:/home/rock/bookros2_ws/install/pmb2_controller_configuration:/home/rock/bookros2_ws/install/pmb2_2dnav:/home/rock/bookros2_ws/install/play_motion2:/home/rock/bookros2_ws/install/play_motion2_msgs:/home/rock/bookros2_ws/install/pal_hey5:/home/rock/bookros2_ws/install/pal_hey5_description:/home/rock/bookros2_ws/install/pal_gripper_simulation:/home/rock/bookros2_ws/install/pal_gripper:/home/rock/bookros2_ws/install/pal_gripper_description:/home/rock/bookros2_ws/install/omni_base_robot:/home/rock/bookros2_ws/install/omni_base_bringup:/home/rock/bookros2_ws/install/omni_base_description:/home/rock/bookros2_ws/install/pal_urdf_utils:/home/rock/bookros2_ws/install/pal_robotiq_gripper:/home/rock/bookros2_ws/install/pal_robotiq_description:/home/rock/bookros2_ws/install/pal_robotiq_controller_configuration:/home/rock/bookros2_ws/install/pal_maps:/home/rock/bookros2_ws/install/pal_hey5_controller_configuration:/home/rock/bookros2_ws/install/pal_gripper_controller_configuration:/home/rock/bookros2_ws/install/omni_base_controller_configuration:/home/rock/bookros2_ws/install/groot:/home/rock/bookros2_ws/install/br2_vff_avoidance:/home/rock/bookros2_ws/install/br2_tracking:/home/rock/bookros2_ws/install/br2_tracking_msgs:/home/rock/bookros2_ws/install/br2_tiago:/home/rock/bookros2_ws/install/br2_tf2_detector:/home/rock/bookros2_ws/install/br2_navigation:/home/rock/bookros2_ws/install/br2_gazebo_worlds:/home/rock/bookros2_ws/install/br2_fsm_bumpgo_cpp:/home/rock/bookros2_ws/install/br2_bt_patrolling:/home/rock/bookros2_ws/install/br2_bt_bumpgo:/home/rock/bookros2_ws/install/br2_basics:/home/rock/bookros2_ws/install/behaviortree_cpp_v3:/opt/ros/jazzy/opt/gz_sim_vendor:/opt/ros/jazzy/opt/gz_sensors_vendor:/opt/ros/jazzy/opt/gz_physics_vendor:/opt/ros/jazzy/opt/sdformat_vendor:/opt/ros/jazzy/opt/gz_gui_vendor:/opt/ros/jazzy/opt/gz_transport_vendor:/opt/ros/jazzy/opt/gz_rendering_vendor:/opt/ros/jazzy/opt/gz_plugin_vendor:/opt/ros/jazzy/opt/gz_fuel_tools_vendor:/opt/ros/jazzy/opt/gz_msgs_vendor:/opt/ros/jazzy/opt/gz_common_vendor:/opt/ros/jazzy/opt/gz_math_vendor:/opt/ros/jazzy/opt/gz_utils_vendor:/opt/ros/jazzy/opt/gz_tools_vendor:/opt/ros/jazzy/opt/gz_ogre_next_vendor:/opt/ros/jazzy/opt/gz_dartsim_vendor:/opt/ros/jazzy/opt/gz_cmake_vendor:/home/rock/ros2_ws/install/turtle_controller:/home/rock/ros2_ws/install/my_py_pkg:/home/rock/bookros2_ws/install/launch_pal:/home/rock/bookros2_ws/install/br2_fsm_bumpgo_py:/opt/ros/jazzy DEBUGINFOD_URLS=https://debuginfod.ubuntu.com LD_LIBRARY_PATH=/home/rock/dev_ws/install/serial/lib:${LD_LIBRARY_PATH} /usr/bin/cmake --install /home/rock/dev_ws/build/diffdrive_arduino
[16.732s] -- Install configuration: ""
[16.733s] -- Execute custom install script
[16.733s] -- Symlinking: /home/rock/dev_ws/install/diffdrive_arduino/share/diffdrive_arduino//robot_hardware.xml
[16.764s] -- Symlinking: /home/rock/dev_ws/install/diffdrive_arduino/share/diffdrive_arduino//fake_robot_hardware.xml
[16.802s] -- Symlinking: /home/rock/dev_ws/install/diffdrive_arduino/lib/libdiffdrive_arduino.so
[16.872s] -- Symlinking: /home/rock/dev_ws/install/diffdrive_arduino/lib/libfake_robot.so
[16.939s] -- Symlinking: /home/rock/dev_ws/install/diffdrive_arduino/share/diffdrive_arduino/controllers/robot_controller_example.yaml
[16.982s] -- Symlinking: /home/rock/dev_ws/install/diffdrive_arduino/share/diffdrive_arduino/__pycache__/test_robot.launch.cpython-310.pyc
[17.011s] -- Symlinking: /home/rock/dev_ws/install/diffdrive_arduino/share/diffdrive_arduino/fake_robot.launch.py
[17.039s] -- Symlinking: /home/rock/dev_ws/install/diffdrive_arduino/share/diffdrive_arduino/test_robot.launch.py
[17.070s] -- Symlinking: /home/rock/dev_ws/install/diffdrive_arduino/share/diffdrive_arduino/environment/library_path.sh
[17.102s] -- Symlinking: /home/rock/dev_ws/install/diffdrive_arduino/share/diffdrive_arduino/environment/library_path.dsv
[17.148s] -- Symlinking: /home/rock/dev_ws/install/diffdrive_arduino/share/ament_index/resource_index/package_run_dependencies/diffdrive_arduino
[17.205s] -- Symlinking: /home/rock/dev_ws/install/diffdrive_arduino/share/ament_index/resource_index/parent_prefix_path/diffdrive_arduino
[17.262s] -- Symlinking: /home/rock/dev_ws/install/diffdrive_arduino/share/diffdrive_arduino/environment/ament_prefix_path.sh
[17.323s] -- Symlinking: /home/rock/dev_ws/install/diffdrive_arduino/share/diffdrive_arduino/environment/ament_prefix_path.dsv
[17.396s] -- Symlinking: /home/rock/dev_ws/install/diffdrive_arduino/share/diffdrive_arduino/environment/path.sh
[17.469s] -- Symlinking: /home/rock/dev_ws/install/diffdrive_arduino/share/diffdrive_arduino/environment/path.dsv
[17.540s] -- Symlinking: /home/rock/dev_ws/install/diffdrive_arduino/share/diffdrive_arduino/local_setup.bash
[17.607s] -- Symlinking: /home/rock/dev_ws/install/diffdrive_arduino/share/diffdrive_arduino/local_setup.sh
[17.638s] -- Symlinking: /home/rock/dev_ws/install/diffdrive_arduino/share/diffdrive_arduino/local_setup.zsh
[17.670s] -- Symlinking: /home/rock/dev_ws/install/diffdrive_arduino/share/diffdrive_arduino/local_setup.dsv
[17.714s] -- Symlinking: /home/rock/dev_ws/install/diffdrive_arduino/share/diffdrive_arduino/package.dsv
[17.789s] -- Symlinking: /home/rock/dev_ws/install/diffdrive_arduino/share/ament_index/resource_index/packages/diffdrive_arduino
[17.848s] -- Symlinking: /home/rock/dev_ws/install/diffdrive_arduino/share/ament_index/resource_index/hardware_interface__pluginlib__plugin/diffdrive_arduino
[17.881s] -- Symlinking: /home/rock/dev_ws/install/diffdrive_arduino/share/diffdrive_arduino/cmake/ament_cmake_export_libraries-extras.cmake
[17.911s] -- Symlinking: /home/rock/dev_ws/install/diffdrive_arduino/share/diffdrive_arduino/cmake/ament_cmake_export_dependencies-extras.cmake
[17.939s] -- Symlinking: /home/rock/dev_ws/install/diffdrive_arduino/share/diffdrive_arduino/cmake/diffdrive_arduinoConfig.cmake
[17.970s] -- Symlinking: /home/rock/dev_ws/install/diffdrive_arduino/share/diffdrive_arduino/cmake/diffdrive_arduinoConfig-version.cmake
[18.019s] -- Symlinking: /home/rock/dev_ws/install/diffdrive_arduino/share/diffdrive_arduino/package.xml
[18.105s] Invoked command in '/home/rock/dev_ws/build/diffdrive_arduino' returned '0': AMENT_PREFIX_PATH=/home/rock/dev_ws/install/serial:${AMENT_PREFIX_PATH} CMAKE_PREFIX_PATH=/home/rock/dev_ws/install/serial:/home/rock/ros2_ws/install/my_robot_bringup:/home/rock/ros2_ws/install/my_cpp_pkg:/home/rock/ros2_ws/install/my_robot_interfaces:/home/rock/bookros2_ws/install/br2_deep_ros:/home/rock/bookros2_ws/install/yaets:/home/rock/bookros2_ws/install/tiago_simulation:/home/rock/bookros2_ws/install/tiago_robot:/home/rock/bookros2_ws/install/tiago_navigation:/home/rock/bookros2_ws/install/tiago_gazebo:/home/rock/bookros2_ws/install/tiago_moveit_config:/home/rock/bookros2_ws/install/tiago_2dnav:/home/rock/bookros2_ws/install/tiago_laser_sensors:/home/rock/bookros2_ws/install/tiago_bringup:/home/rock/bookros2_ws/install/tiago_description:/home/rock/bookros2_ws/install/tiago_controller_configuration:/home/rock/bookros2_ws/install/pmb2_robot:/home/rock/bookros2_ws/install/pmb2_rgbd_sensors:/home/rock/bookros2_ws/install/pmb2_navigation:/home/rock/bookros2_ws/install/pmb2_laser_sensors:/home/rock/bookros2_ws/install/pmb2_bringup:/home/rock/bookros2_ws/install/pmb2_description:/home/rock/bookros2_ws/install/pmb2_controller_configuration:/home/rock/bookros2_ws/install/pmb2_2dnav:/home/rock/bookros2_ws/install/play_motion2:/home/rock/bookros2_ws/install/play_motion2_msgs:/home/rock/bookros2_ws/install/pal_hey5:/home/rock/bookros2_ws/install/pal_hey5_description:/home/rock/bookros2_ws/install/pal_gripper_simulation:/home/rock/bookros2_ws/install/pal_gripper:/home/rock/bookros2_ws/install/pal_gripper_description:/home/rock/bookros2_ws/install/omni_base_robot:/home/rock/bookros2_ws/install/omni_base_bringup:/home/rock/bookros2_ws/install/omni_base_description:/home/rock/bookros2_ws/install/pal_urdf_utils:/home/rock/bookros2_ws/install/pal_robotiq_gripper:/home/rock/bookros2_ws/install/pal_robotiq_description:/home/rock/bookros2_ws/install/pal_robotiq_controller_configuration:/home/rock/bookros2_ws/install/pal_maps:/home/rock/bookros2_ws/install/pal_hey5_controller_configuration:/home/rock/bookros2_ws/install/pal_gripper_controller_configuration:/home/rock/bookros2_ws/install/omni_base_controller_configuration:/home/rock/bookros2_ws/install/groot:/home/rock/bookros2_ws/install/br2_vff_avoidance:/home/rock/bookros2_ws/install/br2_tracking:/home/rock/bookros2_ws/install/br2_tracking_msgs:/home/rock/bookros2_ws/install/br2_tiago:/home/rock/bookros2_ws/install/br2_tf2_detector:/home/rock/bookros2_ws/install/br2_navigation:/home/rock/bookros2_ws/install/br2_gazebo_worlds:/home/rock/bookros2_ws/install/br2_fsm_bumpgo_cpp:/home/rock/bookros2_ws/install/br2_bt_patrolling:/home/rock/bookros2_ws/install/br2_bt_bumpgo:/home/rock/bookros2_ws/install/br2_basics:/home/rock/bookros2_ws/install/behaviortree_cpp_v3:/opt/ros/jazzy/opt/gz_sim_vendor:/opt/ros/jazzy/opt/gz_sensors_vendor:/opt/ros/jazzy/opt/gz_physics_vendor:/opt/ros/jazzy/opt/sdformat_vendor:/opt/ros/jazzy/opt/gz_gui_vendor:/opt/ros/jazzy/opt/gz_transport_vendor:/opt/ros/jazzy/opt/gz_rendering_vendor:/opt/ros/jazzy/opt/gz_plugin_vendor:/opt/ros/jazzy/opt/gz_fuel_tools_vendor:/opt/ros/jazzy/opt/gz_msgs_vendor:/opt/ros/jazzy/opt/gz_common_vendor:/opt/ros/jazzy/opt/gz_math_vendor:/opt/ros/jazzy/opt/gz_utils_vendor:/opt/ros/jazzy/opt/gz_tools_vendor:/opt/ros/jazzy/opt/gz_ogre_next_vendor:/opt/ros/jazzy/opt/gz_dartsim_vendor:/opt/ros/jazzy/opt/gz_cmake_vendor:/home/rock/ros2_ws/install/turtle_controller:/home/rock/ros2_ws/install/my_py_pkg:/home/rock/bookros2_ws/install/launch_pal:/home/rock/bookros2_ws/install/br2_fsm_bumpgo_py:/opt/ros/jazzy DEBUGINFOD_URLS=https://debuginfod.ubuntu.com LD_LIBRARY_PATH=/home/rock/dev_ws/install/serial/lib:${LD_LIBRARY_PATH} /usr/bin/cmake --install /home/rock/dev_ws/build/diffdrive_arduino
