[0.228s] DEBUG:colcon:Command line arguments: ['/usr/bin/colcon', 'build', '--symlink-install']
[0.229s] DEBUG:colcon:Parsed command line arguments: Namespace(log_base=None, log_level=None, verb_name='build', build_base='build', install_base='install', merge_install=False, symlink_install=True, test_result_base=None, continue_on_error=False, executor='parallel', parallel_workers=8, event_handlers=None, ignore_user_meta=False, metas=['./colcon.meta'], base_paths=['.'], packages_ignore=None, packages_ignore_regex=None, paths=None, packages_up_to=None, packages_up_to_regex=None, packages_above=None, packages_above_and_dependencies=None, packages_above_depth=None, packages_select_by_dep=None, packages_skip_by_dep=None, packages_skip_up_to=None, packages_select_build_failed=False, packages_skip_build_finished=False, packages_select_test_failures=False, packages_skip_test_passed=False, packages_select=None, packages_skip=None, packages_select_regex=None, packages_skip_regex=None, packages_start=None, packages_end=None, allow_overriding=[], cmake_args=None, cmake_target=None, cmake_target_skip_unavailable=False, cmake_clean_cache=False, cmake_clean_first=False, cmake_force_configure=False, ament_cmake_args=None, catkin_cmake_args=None, catkin_skip_building_tests=False, mixin_files=None, mixin=None, verb_parser=<colcon_mixin.mixin.mixin_argument.MixinArgumentDecorator object at 0x76564bd4caa0>, verb_extension=<colcon_core.verb.build.BuildVerb object at 0x76564b4e6ea0>, main=<bound method BuildVerb.main of <colcon_core.verb.build.BuildVerb object at 0x76564b4e6ea0>>, mixin_verb=('build',))
[0.313s] Level 1:colcon.colcon_core.package_discovery:discover_packages(colcon_meta) check parameters
[0.313s] Level 1:colcon.colcon_core.package_discovery:discover_packages(recursive) check parameters
[0.313s] Level 1:colcon.colcon_core.package_discovery:discover_packages(ignore) check parameters
[0.313s] Level 1:colcon.colcon_core.package_discovery:discover_packages(path) check parameters
[0.313s] Level 1:colcon.colcon_core.package_discovery:discover_packages(colcon_meta) discover
[0.313s] Level 1:colcon.colcon_core.package_discovery:discover_packages(recursive) discover
[0.313s] INFO:colcon.colcon_core.package_discovery:Crawling recursively for packages in '/home/rock/dev_ws'
[0.313s] Level 1:colcon.colcon_core.package_identification:_identify(.) by extensions ['ignore', 'ignore_ament_install']
[0.314s] Level 1:colcon.colcon_core.package_identification:_identify(.) by extension 'ignore'
[0.314s] Level 1:colcon.colcon_core.package_identification:_identify(.) by extension 'ignore_ament_install'
[0.314s] Level 1:colcon.colcon_core.package_identification:_identify(.) by extensions ['colcon_pkg']
[0.314s] Level 1:colcon.colcon_core.package_identification:_identify(.) by extension 'colcon_pkg'
[0.314s] Level 1:colcon.colcon_core.package_identification:_identify(.) by extensions ['colcon_meta']
[0.314s] Level 1:colcon.colcon_core.package_identification:_identify(.) by extension 'colcon_meta'
[0.314s] Level 1:colcon.colcon_core.package_identification:_identify(.) by extensions ['ros']
[0.314s] Level 1:colcon.colcon_core.package_identification:_identify(.) by extension 'ros'
[0.364s] Level 1:colcon.colcon_core.package_identification:_identify(.) by extensions ['cmake', 'python']
[0.364s] Level 1:colcon.colcon_core.package_identification:_identify(.) by extension 'cmake'
[0.364s] Level 1:colcon.colcon_core.package_identification:_identify(.) by extension 'python'
[0.364s] Level 1:colcon.colcon_core.package_identification:_identify(.) by extensions ['python_setup_py']
[0.364s] Level 1:colcon.colcon_core.package_identification:_identify(.) by extension 'python_setup_py'
[0.364s] Level 1:colcon.colcon_core.package_identification:_identify(build) by extensions ['ignore', 'ignore_ament_install']
[0.365s] Level 1:colcon.colcon_core.package_identification:_identify(build) by extension 'ignore'
[0.365s] Level 1:colcon.colcon_core.package_identification:_identify(build) ignored
[0.365s] Level 1:colcon.colcon_core.package_identification:_identify(install) by extensions ['ignore', 'ignore_ament_install']
[0.365s] Level 1:colcon.colcon_core.package_identification:_identify(install) by extension 'ignore'
[0.365s] Level 1:colcon.colcon_core.package_identification:_identify(install) ignored
[0.365s] Level 1:colcon.colcon_core.package_identification:_identify(log) by extensions ['ignore', 'ignore_ament_install']
[0.365s] Level 1:colcon.colcon_core.package_identification:_identify(log) by extension 'ignore'
[0.365s] Level 1:colcon.colcon_core.package_identification:_identify(log) ignored
[0.366s] Level 1:colcon.colcon_core.package_identification:_identify(src) by extensions ['ignore', 'ignore_ament_install']
[0.366s] Level 1:colcon.colcon_core.package_identification:_identify(src) by extension 'ignore'
[0.366s] Level 1:colcon.colcon_core.package_identification:_identify(src) by extension 'ignore_ament_install'
[0.366s] Level 1:colcon.colcon_core.package_identification:_identify(src) by extensions ['colcon_pkg']
[0.366s] Level 1:colcon.colcon_core.package_identification:_identify(src) by extension 'colcon_pkg'
[0.366s] Level 1:colcon.colcon_core.package_identification:_identify(src) by extensions ['colcon_meta']
[0.366s] Level 1:colcon.colcon_core.package_identification:_identify(src) by extension 'colcon_meta'
[0.366s] Level 1:colcon.colcon_core.package_identification:_identify(src) by extensions ['ros']
[0.366s] Level 1:colcon.colcon_core.package_identification:_identify(src) by extension 'ros'
[0.367s] Level 1:colcon.colcon_core.package_identification:_identify(src) by extensions ['cmake', 'python']
[0.367s] Level 1:colcon.colcon_core.package_identification:_identify(src) by extension 'cmake'
[0.367s] Level 1:colcon.colcon_core.package_identification:_identify(src) by extension 'python'
[0.367s] Level 1:colcon.colcon_core.package_identification:_identify(src) by extensions ['python_setup_py']
[0.367s] Level 1:colcon.colcon_core.package_identification:_identify(src) by extension 'python_setup_py'
[0.367s] Level 1:colcon.colcon_core.package_identification:_identify(src/articubot_jazzy) by extensions ['ignore', 'ignore_ament_install']
[0.367s] Level 1:colcon.colcon_core.package_identification:_identify(src/articubot_jazzy) by extension 'ignore'
[0.367s] Level 1:colcon.colcon_core.package_identification:_identify(src/articubot_jazzy) by extension 'ignore_ament_install'
[0.367s] Level 1:colcon.colcon_core.package_identification:_identify(src/articubot_jazzy) by extensions ['colcon_pkg']
[0.367s] Level 1:colcon.colcon_core.package_identification:_identify(src/articubot_jazzy) by extension 'colcon_pkg'
[0.367s] Level 1:colcon.colcon_core.package_identification:_identify(src/articubot_jazzy) by extensions ['colcon_meta']
[0.367s] Level 1:colcon.colcon_core.package_identification:_identify(src/articubot_jazzy) by extension 'colcon_meta'
[0.368s] Level 1:colcon.colcon_core.package_identification:_identify(src/articubot_jazzy) by extensions ['ros']
[0.368s] Level 1:colcon.colcon_core.package_identification:_identify(src/articubot_jazzy) by extension 'ros'
[0.371s] DEBUG:colcon.colcon_core.package_identification:Package 'src/articubot_jazzy' with type 'ros.ament_cmake' and name 'articubot_jazzy'
[0.371s] Level 1:colcon.colcon_core.package_discovery:discover_packages(recursive) using defaults
[0.371s] Level 1:colcon.colcon_core.package_discovery:discover_packages(ignore) discover
[0.371s] Level 1:colcon.colcon_core.package_discovery:discover_packages(ignore) using defaults
[0.371s] Level 1:colcon.colcon_core.package_discovery:discover_packages(path) discover
[0.371s] Level 1:colcon.colcon_core.package_discovery:discover_packages(path) using defaults
[0.403s] Level 1:colcon.colcon_core.package_discovery:discover_packages(prefix_path) check parameters
[0.403s] Level 1:colcon.colcon_core.package_discovery:discover_packages(prefix_path) discover
[0.415s] DEBUG:colcon.colcon_installed_package_information.package_discovery:Found 6 installed packages in /home/rock/ros2_ws/install
[0.419s] DEBUG:colcon.colcon_installed_package_information.package_discovery:Found 53 installed packages in /home/rock/bookros2_ws/install
[0.424s] DEBUG:colcon.colcon_installed_package_information.package_discovery:Found 448 installed packages in /opt/ros/jazzy
[0.426s] Level 1:colcon.colcon_core.package_discovery:discover_packages(prefix_path) using defaults
[0.605s] Level 5:colcon.colcon_core.verb:set package 'articubot_jazzy' build argument 'cmake_args' from command line to 'None'
[0.605s] Level 5:colcon.colcon_core.verb:set package 'articubot_jazzy' build argument 'cmake_target' from command line to 'None'
[0.606s] Level 5:colcon.colcon_core.verb:set package 'articubot_jazzy' build argument 'cmake_target_skip_unavailable' from command line to 'False'
[0.606s] Level 5:colcon.colcon_core.verb:set package 'articubot_jazzy' build argument 'cmake_clean_cache' from command line to 'False'
[0.606s] Level 5:colcon.colcon_core.verb:set package 'articubot_jazzy' build argument 'cmake_clean_first' from command line to 'False'
[0.606s] Level 5:colcon.colcon_core.verb:set package 'articubot_jazzy' build argument 'cmake_force_configure' from command line to 'False'
[0.606s] Level 5:colcon.colcon_core.verb:set package 'articubot_jazzy' build argument 'ament_cmake_args' from command line to 'None'
[0.606s] Level 5:colcon.colcon_core.verb:set package 'articubot_jazzy' build argument 'catkin_cmake_args' from command line to 'None'
[0.606s] Level 5:colcon.colcon_core.verb:set package 'articubot_jazzy' build argument 'catkin_skip_building_tests' from command line to 'False'
[0.606s] DEBUG:colcon.colcon_core.verb:Building package 'articubot_jazzy' with the following arguments: {'ament_cmake_args': None, 'build_base': '/home/rock/dev_ws/build/articubot_jazzy', 'catkin_cmake_args': None, 'catkin_skip_building_tests': False, 'cmake_args': None, 'cmake_clean_cache': False, 'cmake_clean_first': False, 'cmake_force_configure': False, 'cmake_target': None, 'cmake_target_skip_unavailable': False, 'install_base': '/home/rock/dev_ws/install/articubot_jazzy', 'merge_install': False, 'path': '/home/rock/dev_ws/src/articubot_jazzy', 'symlink_install': True, 'test_result_base': None}
[0.606s] INFO:colcon.colcon_core.executor:Executing jobs using 'parallel' executor
[0.608s] DEBUG:colcon.colcon_parallel_executor.executor.parallel:run_until_complete
[0.609s] INFO:colcon.colcon_ros.task.ament_cmake.build:Building ROS package in '/home/rock/dev_ws/src/articubot_jazzy' with build type 'ament_cmake'
[0.609s] INFO:colcon.colcon_cmake.task.cmake.build:Building CMake package in '/home/rock/dev_ws/src/articubot_jazzy'
[0.616s] INFO:colcon.colcon_core.plugin_system:Skipping extension 'colcon_core.shell.bat': Not used on non-Windows systems
[0.616s] INFO:colcon.colcon_core.shell:Skip shell extension 'powershell' for command environment: Not usable outside of PowerShell
[0.616s] DEBUG:colcon.colcon_core.shell:Skip shell extension 'dsv' for command environment
[0.647s] DEBUG:colcon.colcon_core.event_handler.log_command:Invoking command in '/home/rock/dev_ws/build/articubot_jazzy': CMAKE_PREFIX_PATH=${CMAKE_PREFIX_PATH}:/home/rock/ros2_ws/install/turtle_controller:/home/rock/ros2_ws/install/my_py_pkg:/home/rock/bookros2_ws/install/launch_pal:/home/rock/bookros2_ws/install/br2_fsm_bumpgo_py:/opt/ros/jazzy DEBUGINFOD_URLS=https://debuginfod.ubuntu.com /usr/bin/cmake /home/rock/dev_ws/src/articubot_jazzy -DAMENT_CMAKE_SYMLINK_INSTALL=1 -DCMAKE_INSTALL_PREFIX=/home/rock/dev_ws/install/articubot_jazzy
[4.226s] DEBUG:colcon.colcon_core.event_handler.log_command:Invoked command in '/home/rock/dev_ws/build/articubot_jazzy' returned '0': CMAKE_PREFIX_PATH=${CMAKE_PREFIX_PATH}:/home/rock/ros2_ws/install/turtle_controller:/home/rock/ros2_ws/install/my_py_pkg:/home/rock/bookros2_ws/install/launch_pal:/home/rock/bookros2_ws/install/br2_fsm_bumpgo_py:/opt/ros/jazzy DEBUGINFOD_URLS=https://debuginfod.ubuntu.com /usr/bin/cmake /home/rock/dev_ws/src/articubot_jazzy -DAMENT_CMAKE_SYMLINK_INSTALL=1 -DCMAKE_INSTALL_PREFIX=/home/rock/dev_ws/install/articubot_jazzy
[4.229s] DEBUG:colcon.colcon_core.event_handler.log_command:Invoking command in '/home/rock/dev_ws/build/articubot_jazzy': CMAKE_PREFIX_PATH=${CMAKE_PREFIX_PATH}:/home/rock/ros2_ws/install/turtle_controller:/home/rock/ros2_ws/install/my_py_pkg:/home/rock/bookros2_ws/install/launch_pal:/home/rock/bookros2_ws/install/br2_fsm_bumpgo_py:/opt/ros/jazzy DEBUGINFOD_URLS=https://debuginfod.ubuntu.com /usr/bin/cmake --build /home/rock/dev_ws/build/articubot_jazzy -- -j8 -l8
[4.457s] DEBUG:colcon.colcon_core.event_handler.log_command:Invoked command in '/home/rock/dev_ws/build/articubot_jazzy' returned '0': CMAKE_PREFIX_PATH=${CMAKE_PREFIX_PATH}:/home/rock/ros2_ws/install/turtle_controller:/home/rock/ros2_ws/install/my_py_pkg:/home/rock/bookros2_ws/install/launch_pal:/home/rock/bookros2_ws/install/br2_fsm_bumpgo_py:/opt/ros/jazzy DEBUGINFOD_URLS=https://debuginfod.ubuntu.com /usr/bin/cmake --build /home/rock/dev_ws/build/articubot_jazzy -- -j8 -l8
[4.539s] DEBUG:colcon.colcon_core.event_handler.log_command:Invoking command in '/home/rock/dev_ws/build/articubot_jazzy': CMAKE_PREFIX_PATH=${CMAKE_PREFIX_PATH}:/home/rock/ros2_ws/install/turtle_controller:/home/rock/ros2_ws/install/my_py_pkg:/home/rock/bookros2_ws/install/launch_pal:/home/rock/bookros2_ws/install/br2_fsm_bumpgo_py:/opt/ros/jazzy DEBUGINFOD_URLS=https://debuginfod.ubuntu.com /usr/bin/cmake --install /home/rock/dev_ws/build/articubot_jazzy
[5.504s] Level 1:colcon.colcon_core.environment:create_environment_scripts_only(articubot_jazzy)
[5.505s] DEBUG:colcon.colcon_core.event_handler.log_command:Invoked command in '/home/rock/dev_ws/build/articubot_jazzy' returned '0': CMAKE_PREFIX_PATH=${CMAKE_PREFIX_PATH}:/home/rock/ros2_ws/install/turtle_controller:/home/rock/ros2_ws/install/my_py_pkg:/home/rock/bookros2_ws/install/launch_pal:/home/rock/bookros2_ws/install/br2_fsm_bumpgo_py:/opt/ros/jazzy DEBUGINFOD_URLS=https://debuginfod.ubuntu.com /usr/bin/cmake --install /home/rock/dev_ws/build/articubot_jazzy
[5.511s] Level 1:colcon.colcon_core.environment:checking '/home/rock/dev_ws/install/articubot_jazzy' for CMake module files
[5.512s] Level 1:colcon.colcon_core.environment:checking '/home/rock/dev_ws/install/articubot_jazzy' for CMake config files
[5.513s] Level 1:colcon.colcon_core.shell:create_environment_hook('articubot_jazzy', 'cmake_prefix_path')
[5.513s] INFO:colcon.colcon_core.shell:Creating environment hook '/home/rock/dev_ws/install/articubot_jazzy/share/articubot_jazzy/hook/cmake_prefix_path.ps1'
[5.514s] INFO:colcon.colcon_core.shell:Creating environment descriptor '/home/rock/dev_ws/install/articubot_jazzy/share/articubot_jazzy/hook/cmake_prefix_path.dsv'
[5.515s] INFO:colcon.colcon_core.shell:Creating environment hook '/home/rock/dev_ws/install/articubot_jazzy/share/articubot_jazzy/hook/cmake_prefix_path.sh'
[5.516s] Level 1:colcon.colcon_core.environment:checking '/home/rock/dev_ws/install/articubot_jazzy/bin'
[5.517s] Level 1:colcon.colcon_core.environment:checking '/home/rock/dev_ws/install/articubot_jazzy/lib/pkgconfig/articubot_jazzy.pc'
[5.517s] Level 1:colcon.colcon_core.environment:checking '/home/rock/dev_ws/install/articubot_jazzy/lib/python3.12/site-packages'
[5.518s] Level 1:colcon.colcon_core.environment:checking '/home/rock/dev_ws/install/articubot_jazzy/bin'
[5.518s] INFO:colcon.colcon_core.shell:Creating package script '/home/rock/dev_ws/install/articubot_jazzy/share/articubot_jazzy/package.ps1'
[5.520s] INFO:colcon.colcon_core.shell:Creating package descriptor '/home/rock/dev_ws/install/articubot_jazzy/share/articubot_jazzy/package.dsv'
[5.521s] INFO:colcon.colcon_core.shell:Creating package script '/home/rock/dev_ws/install/articubot_jazzy/share/articubot_jazzy/package.sh'
[5.522s] INFO:colcon.colcon_core.shell:Creating package script '/home/rock/dev_ws/install/articubot_jazzy/share/articubot_jazzy/package.bash'
[5.523s] INFO:colcon.colcon_core.shell:Creating package script '/home/rock/dev_ws/install/articubot_jazzy/share/articubot_jazzy/package.zsh'
[5.524s] Level 1:colcon.colcon_core.environment:create_file_with_runtime_dependencies(/home/rock/dev_ws/install/articubot_jazzy/share/colcon-core/packages/articubot_jazzy)
[5.525s] Level 1:colcon.colcon_core.environment:create_environment_scripts_only(articubot_jazzy)
[5.525s] Level 1:colcon.colcon_core.environment:checking '/home/rock/dev_ws/install/articubot_jazzy' for CMake module files
[5.527s] Level 1:colcon.colcon_core.environment:checking '/home/rock/dev_ws/install/articubot_jazzy' for CMake config files
[5.527s] Level 1:colcon.colcon_core.shell:create_environment_hook('articubot_jazzy', 'cmake_prefix_path')
[5.527s] INFO:colcon.colcon_core.shell:Creating environment hook '/home/rock/dev_ws/install/articubot_jazzy/share/articubot_jazzy/hook/cmake_prefix_path.ps1'
[5.528s] INFO:colcon.colcon_core.shell:Creating environment descriptor '/home/rock/dev_ws/install/articubot_jazzy/share/articubot_jazzy/hook/cmake_prefix_path.dsv'
[5.529s] INFO:colcon.colcon_core.shell:Creating environment hook '/home/rock/dev_ws/install/articubot_jazzy/share/articubot_jazzy/hook/cmake_prefix_path.sh'
[5.530s] Level 1:colcon.colcon_core.environment:checking '/home/rock/dev_ws/install/articubot_jazzy/bin'
[5.530s] Level 1:colcon.colcon_core.environment:checking '/home/rock/dev_ws/install/articubot_jazzy/lib/pkgconfig/articubot_jazzy.pc'
[5.531s] Level 1:colcon.colcon_core.environment:checking '/home/rock/dev_ws/install/articubot_jazzy/lib/python3.12/site-packages'
[5.531s] Level 1:colcon.colcon_core.environment:checking '/home/rock/dev_ws/install/articubot_jazzy/bin'
[5.532s] INFO:colcon.colcon_core.shell:Creating package script '/home/rock/dev_ws/install/articubot_jazzy/share/articubot_jazzy/package.ps1'
[5.533s] INFO:colcon.colcon_core.shell:Creating package descriptor '/home/rock/dev_ws/install/articubot_jazzy/share/articubot_jazzy/package.dsv'
[5.534s] INFO:colcon.colcon_core.shell:Creating package script '/home/rock/dev_ws/install/articubot_jazzy/share/articubot_jazzy/package.sh'
[5.535s] INFO:colcon.colcon_core.shell:Creating package script '/home/rock/dev_ws/install/articubot_jazzy/share/articubot_jazzy/package.bash'
[5.536s] INFO:colcon.colcon_core.shell:Creating package script '/home/rock/dev_ws/install/articubot_jazzy/share/articubot_jazzy/package.zsh'
[5.537s] Level 1:colcon.colcon_core.environment:create_file_with_runtime_dependencies(/home/rock/dev_ws/install/articubot_jazzy/share/colcon-core/packages/articubot_jazzy)
[5.537s] DEBUG:colcon.colcon_parallel_executor.executor.parallel:closing loop
[5.538s] DEBUG:colcon.colcon_parallel_executor.executor.parallel:loop closed
[5.538s] DEBUG:colcon.colcon_parallel_executor.executor.parallel:run_until_complete finished with '0'
[5.538s] DEBUG:colcon.colcon_core.event_reactor:joining thread
[5.551s] INFO:colcon.colcon_core.plugin_system:Skipping extension 'colcon_notification.desktop_notification.terminal_notifier': Not used on non-Darwin systems
[5.551s] INFO:colcon.colcon_core.plugin_system:Skipping extension 'colcon_notification.desktop_notification.win32': Not used on non-Windows systems
[5.551s] INFO:colcon.colcon_notification.desktop_notification:Sending desktop notification using 'notify2'
[5.601s] DEBUG:colcon.colcon_core.event_reactor:joined thread
[5.601s] INFO:colcon.colcon_core.shell:Creating prefix script '/home/rock/dev_ws/install/local_setup.ps1'
[5.604s] INFO:colcon.colcon_core.shell:Creating prefix util module '/home/rock/dev_ws/install/_local_setup_util_ps1.py'
[5.608s] INFO:colcon.colcon_core.shell:Creating prefix chain script '/home/rock/dev_ws/install/setup.ps1'
[5.628s] INFO:colcon.colcon_core.shell:Creating prefix script '/home/rock/dev_ws/install/local_setup.sh'
[5.631s] INFO:colcon.colcon_core.shell:Creating prefix util module '/home/rock/dev_ws/install/_local_setup_util_sh.py'
[5.634s] INFO:colcon.colcon_core.shell:Creating prefix chain script '/home/rock/dev_ws/install/setup.sh'
[5.651s] INFO:colcon.colcon_core.shell:Creating prefix script '/home/rock/dev_ws/install/local_setup.bash'
[5.653s] INFO:colcon.colcon_core.shell:Creating prefix chain script '/home/rock/dev_ws/install/setup.bash'
[5.667s] INFO:colcon.colcon_core.shell:Creating prefix script '/home/rock/dev_ws/install/local_setup.zsh'
[5.670s] INFO:colcon.colcon_core.shell:Creating prefix chain script '/home/rock/dev_ws/install/setup.zsh'
