[0.225s] DEBUG:colcon:Command line arguments: ['/usr/bin/colcon', 'build', '--symlink-install']
[0.225s] DEBUG:colcon:Parsed command line arguments: Namespace(log_base=None, log_level=None, verb_name='build', build_base='build', install_base='install', merge_install=False, symlink_install=True, test_result_base=None, continue_on_error=False, executor='parallel', parallel_workers=8, event_handlers=None, ignore_user_meta=False, metas=['./colcon.meta'], base_paths=['.'], packages_ignore=None, packages_ignore_regex=None, paths=None, packages_up_to=None, packages_up_to_regex=None, packages_above=None, packages_above_and_dependencies=None, packages_above_depth=None, packages_select_by_dep=None, packages_skip_by_dep=None, packages_skip_up_to=None, packages_select_build_failed=False, packages_skip_build_finished=False, packages_select_test_failures=False, packages_skip_test_passed=False, packages_select=None, packages_skip=None, packages_select_regex=None, packages_skip_regex=None, packages_start=None, packages_end=None, allow_overriding=[], cmake_args=None, cmake_target=None, cmake_target_skip_unavailable=False, cmake_clean_cache=False, cmake_clean_first=False, cmake_force_configure=False, ament_cmake_args=None, catkin_cmake_args=None, catkin_skip_building_tests=False, mixin_files=None, mixin=None, verb_parser=<colcon_mixin.mixin.mixin_argument.MixinArgumentDecorator object at 0x7a188103e630>, verb_extension=<colcon_core.verb.build.BuildVerb object at 0x7a188118aae0>, main=<bound method BuildVerb.main of <colcon_core.verb.build.BuildVerb object at 0x7a188118aae0>>, mixin_verb=('build',))
[0.312s] Level 1:colcon.colcon_core.package_discovery:discover_packages(colcon_meta) check parameters
[0.312s] Level 1:colcon.colcon_core.package_discovery:discover_packages(recursive) check parameters
[0.312s] Level 1:colcon.colcon_core.package_discovery:discover_packages(ignore) check parameters
[0.312s] Level 1:colcon.colcon_core.package_discovery:discover_packages(path) check parameters
[0.312s] Level 1:colcon.colcon_core.package_discovery:discover_packages(colcon_meta) discover
[0.312s] Level 1:colcon.colcon_core.package_discovery:discover_packages(recursive) discover
[0.312s] INFO:colcon.colcon_core.package_discovery:Crawling recursively for packages in '/home/rock/dev_ws'
[0.313s] Level 1:colcon.colcon_core.package_identification:_identify(.) by extensions ['ignore', 'ignore_ament_install']
[0.313s] Level 1:colcon.colcon_core.package_identification:_identify(.) by extension 'ignore'
[0.313s] Level 1:colcon.colcon_core.package_identification:_identify(.) by extension 'ignore_ament_install'
[0.313s] Level 1:colcon.colcon_core.package_identification:_identify(.) by extensions ['colcon_pkg']
[0.313s] Level 1:colcon.colcon_core.package_identification:_identify(.) by extension 'colcon_pkg'
[0.313s] Level 1:colcon.colcon_core.package_identification:_identify(.) by extensions ['colcon_meta']
[0.313s] Level 1:colcon.colcon_core.package_identification:_identify(.) by extension 'colcon_meta'
[0.313s] Level 1:colcon.colcon_core.package_identification:_identify(.) by extensions ['ros']
[0.313s] Level 1:colcon.colcon_core.package_identification:_identify(.) by extension 'ros'
[0.360s] Level 1:colcon.colcon_core.package_identification:_identify(.) by extensions ['cmake', 'python']
[0.360s] Level 1:colcon.colcon_core.package_identification:_identify(.) by extension 'cmake'
[0.360s] Level 1:colcon.colcon_core.package_identification:_identify(.) by extension 'python'
[0.360s] Level 1:colcon.colcon_core.package_identification:_identify(.) by extensions ['python_setup_py']
[0.360s] Level 1:colcon.colcon_core.package_identification:_identify(.) by extension 'python_setup_py'
[0.360s] Level 1:colcon.colcon_core.package_identification:_identify(build) by extensions ['ignore', 'ignore_ament_install']
[0.361s] Level 1:colcon.colcon_core.package_identification:_identify(build) by extension 'ignore'
[0.361s] Level 1:colcon.colcon_core.package_identification:_identify(build) ignored
[0.361s] Level 1:colcon.colcon_core.package_identification:_identify(install) by extensions ['ignore', 'ignore_ament_install']
[0.361s] Level 1:colcon.colcon_core.package_identification:_identify(install) by extension 'ignore'
[0.361s] Level 1:colcon.colcon_core.package_identification:_identify(install) ignored
[0.361s] Level 1:colcon.colcon_core.package_identification:_identify(log) by extensions ['ignore', 'ignore_ament_install']
[0.362s] Level 1:colcon.colcon_core.package_identification:_identify(log) by extension 'ignore'
[0.362s] Level 1:colcon.colcon_core.package_identification:_identify(log) ignored
[0.362s] Level 1:colcon.colcon_core.package_identification:_identify(src) by extensions ['ignore', 'ignore_ament_install']
[0.362s] Level 1:colcon.colcon_core.package_identification:_identify(src) by extension 'ignore'
[0.362s] Level 1:colcon.colcon_core.package_identification:_identify(src) by extension 'ignore_ament_install'
[0.362s] Level 1:colcon.colcon_core.package_identification:_identify(src) by extensions ['colcon_pkg']
[0.362s] Level 1:colcon.colcon_core.package_identification:_identify(src) by extension 'colcon_pkg'
[0.362s] Level 1:colcon.colcon_core.package_identification:_identify(src) by extensions ['colcon_meta']
[0.362s] Level 1:colcon.colcon_core.package_identification:_identify(src) by extension 'colcon_meta'
[0.362s] Level 1:colcon.colcon_core.package_identification:_identify(src) by extensions ['ros']
[0.362s] Level 1:colcon.colcon_core.package_identification:_identify(src) by extension 'ros'
[0.363s] Level 1:colcon.colcon_core.package_identification:_identify(src) by extensions ['cmake', 'python']
[0.363s] Level 1:colcon.colcon_core.package_identification:_identify(src) by extension 'cmake'
[0.363s] Level 1:colcon.colcon_core.package_identification:_identify(src) by extension 'python'
[0.363s] Level 1:colcon.colcon_core.package_identification:_identify(src) by extensions ['python_setup_py']
[0.363s] Level 1:colcon.colcon_core.package_identification:_identify(src) by extension 'python_setup_py'
[0.363s] Level 1:colcon.colcon_core.package_identification:_identify(src/articubot_jazzy) by extensions ['ignore', 'ignore_ament_install']
[0.363s] Level 1:colcon.colcon_core.package_identification:_identify(src/articubot_jazzy) by extension 'ignore'
[0.363s] Level 1:colcon.colcon_core.package_identification:_identify(src/articubot_jazzy) by extension 'ignore_ament_install'
[0.363s] Level 1:colcon.colcon_core.package_identification:_identify(src/articubot_jazzy) by extensions ['colcon_pkg']
[0.363s] Level 1:colcon.colcon_core.package_identification:_identify(src/articubot_jazzy) by extension 'colcon_pkg'
[0.363s] Level 1:colcon.colcon_core.package_identification:_identify(src/articubot_jazzy) by extensions ['colcon_meta']
[0.363s] Level 1:colcon.colcon_core.package_identification:_identify(src/articubot_jazzy) by extension 'colcon_meta'
[0.364s] Level 1:colcon.colcon_core.package_identification:_identify(src/articubot_jazzy) by extensions ['ros']
[0.364s] Level 1:colcon.colcon_core.package_identification:_identify(src/articubot_jazzy) by extension 'ros'
[0.367s] DEBUG:colcon.colcon_core.package_identification:Package 'src/articubot_jazzy' with type 'ros.ament_cmake' and name 'articubot_jazzy'
[0.368s] Level 1:colcon.colcon_core.package_identification:_identify(src/diffdrive_arduino) by extensions ['ignore', 'ignore_ament_install']
[0.368s] Level 1:colcon.colcon_core.package_identification:_identify(src/diffdrive_arduino) by extension 'ignore'
[0.368s] Level 1:colcon.colcon_core.package_identification:_identify(src/diffdrive_arduino) by extension 'ignore_ament_install'
[0.368s] Level 1:colcon.colcon_core.package_identification:_identify(src/diffdrive_arduino) by extensions ['colcon_pkg']
[0.368s] Level 1:colcon.colcon_core.package_identification:_identify(src/diffdrive_arduino) by extension 'colcon_pkg'
[0.368s] Level 1:colcon.colcon_core.package_identification:_identify(src/diffdrive_arduino) by extensions ['colcon_meta']
[0.368s] Level 1:colcon.colcon_core.package_identification:_identify(src/diffdrive_arduino) by extension 'colcon_meta'
[0.368s] Level 1:colcon.colcon_core.package_identification:_identify(src/diffdrive_arduino) by extensions ['ros']
[0.368s] Level 1:colcon.colcon_core.package_identification:_identify(src/diffdrive_arduino) by extension 'ros'
[0.369s] DEBUG:colcon.colcon_core.package_identification:Package 'src/diffdrive_arduino' with type 'ros.ament_cmake' and name 'diffdrive_arduino'
[0.370s] Level 1:colcon.colcon_core.package_identification:_identify(src/serial) by extensions ['ignore', 'ignore_ament_install']
[0.370s] Level 1:colcon.colcon_core.package_identification:_identify(src/serial) by extension 'ignore'
[0.370s] Level 1:colcon.colcon_core.package_identification:_identify(src/serial) by extension 'ignore_ament_install'
[0.370s] Level 1:colcon.colcon_core.package_identification:_identify(src/serial) by extensions ['colcon_pkg']
[0.370s] Level 1:colcon.colcon_core.package_identification:_identify(src/serial) by extension 'colcon_pkg'
[0.370s] Level 1:colcon.colcon_core.package_identification:_identify(src/serial) by extensions ['colcon_meta']
[0.370s] Level 1:colcon.colcon_core.package_identification:_identify(src/serial) by extension 'colcon_meta'
[0.370s] Level 1:colcon.colcon_core.package_identification:_identify(src/serial) by extensions ['ros']
[0.370s] Level 1:colcon.colcon_core.package_identification:_identify(src/serial) by extension 'ros'
[0.371s] DEBUG:colcon.colcon_core.package_identification:Package 'src/serial' with type 'ros.ament_cmake' and name 'serial'
[0.371s] Level 1:colcon.colcon_core.package_discovery:discover_packages(recursive) using defaults
[0.371s] Level 1:colcon.colcon_core.package_discovery:discover_packages(ignore) discover
[0.371s] Level 1:colcon.colcon_core.package_discovery:discover_packages(ignore) using defaults
[0.371s] Level 1:colcon.colcon_core.package_discovery:discover_packages(path) discover
[0.371s] Level 1:colcon.colcon_core.package_discovery:discover_packages(path) using defaults
[0.405s] Level 1:colcon.colcon_core.package_discovery:discover_packages(prefix_path) check parameters
[0.405s] Level 1:colcon.colcon_core.package_discovery:discover_packages(prefix_path) discover
[0.414s] DEBUG:colcon.colcon_installed_package_information.package_discovery:Found 6 installed packages in /home/rock/ros2_ws/install
[0.419s] DEBUG:colcon.colcon_installed_package_information.package_discovery:Found 53 installed packages in /home/rock/bookros2_ws/install
[0.425s] DEBUG:colcon.colcon_installed_package_information.package_discovery:Found 448 installed packages in /opt/ros/jazzy
[0.428s] Level 1:colcon.colcon_core.package_discovery:discover_packages(prefix_path) using defaults
[0.581s] Level 5:colcon.colcon_core.verb:set package 'articubot_jazzy' build argument 'cmake_args' from command line to 'None'
[0.581s] Level 5:colcon.colcon_core.verb:set package 'articubot_jazzy' build argument 'cmake_target' from command line to 'None'
[0.581s] Level 5:colcon.colcon_core.verb:set package 'articubot_jazzy' build argument 'cmake_target_skip_unavailable' from command line to 'False'
[0.581s] Level 5:colcon.colcon_core.verb:set package 'articubot_jazzy' build argument 'cmake_clean_cache' from command line to 'False'
[0.582s] Level 5:colcon.colcon_core.verb:set package 'articubot_jazzy' build argument 'cmake_clean_first' from command line to 'False'
[0.582s] Level 5:colcon.colcon_core.verb:set package 'articubot_jazzy' build argument 'cmake_force_configure' from command line to 'False'
[0.582s] Level 5:colcon.colcon_core.verb:set package 'articubot_jazzy' build argument 'ament_cmake_args' from command line to 'None'
[0.582s] Level 5:colcon.colcon_core.verb:set package 'articubot_jazzy' build argument 'catkin_cmake_args' from command line to 'None'
[0.582s] Level 5:colcon.colcon_core.verb:set package 'articubot_jazzy' build argument 'catkin_skip_building_tests' from command line to 'False'
[0.582s] DEBUG:colcon.colcon_core.verb:Building package 'articubot_jazzy' with the following arguments: {'ament_cmake_args': None, 'build_base': '/home/rock/dev_ws/build/articubot_jazzy', 'catkin_cmake_args': None, 'catkin_skip_building_tests': False, 'cmake_args': None, 'cmake_clean_cache': False, 'cmake_clean_first': False, 'cmake_force_configure': False, 'cmake_target': None, 'cmake_target_skip_unavailable': False, 'install_base': '/home/rock/dev_ws/install/articubot_jazzy', 'merge_install': False, 'path': '/home/rock/dev_ws/src/articubot_jazzy', 'symlink_install': True, 'test_result_base': None}
[0.582s] Level 5:colcon.colcon_core.verb:set package 'serial' build argument 'cmake_args' from command line to 'None'
[0.582s] Level 5:colcon.colcon_core.verb:set package 'serial' build argument 'cmake_target' from command line to 'None'
[0.583s] Level 5:colcon.colcon_core.verb:set package 'serial' build argument 'cmake_target_skip_unavailable' from command line to 'False'
[0.583s] Level 5:colcon.colcon_core.verb:set package 'serial' build argument 'cmake_clean_cache' from command line to 'False'
[0.583s] Level 5:colcon.colcon_core.verb:set package 'serial' build argument 'cmake_clean_first' from command line to 'False'
[0.583s] Level 5:colcon.colcon_core.verb:set package 'serial' build argument 'cmake_force_configure' from command line to 'False'
[0.583s] Level 5:colcon.colcon_core.verb:set package 'serial' build argument 'ament_cmake_args' from command line to 'None'
[0.583s] Level 5:colcon.colcon_core.verb:set package 'serial' build argument 'catkin_cmake_args' from command line to 'None'
[0.583s] Level 5:colcon.colcon_core.verb:set package 'serial' build argument 'catkin_skip_building_tests' from command line to 'False'
[0.583s] DEBUG:colcon.colcon_core.verb:Building package 'serial' with the following arguments: {'ament_cmake_args': None, 'build_base': '/home/rock/dev_ws/build/serial', 'catkin_cmake_args': None, 'catkin_skip_building_tests': False, 'cmake_args': None, 'cmake_clean_cache': False, 'cmake_clean_first': False, 'cmake_force_configure': False, 'cmake_target': None, 'cmake_target_skip_unavailable': False, 'install_base': '/home/rock/dev_ws/install/serial', 'merge_install': False, 'path': '/home/rock/dev_ws/src/serial', 'symlink_install': True, 'test_result_base': None}
[0.583s] Level 5:colcon.colcon_core.verb:set package 'diffdrive_arduino' build argument 'cmake_args' from command line to 'None'
[0.584s] Level 5:colcon.colcon_core.verb:set package 'diffdrive_arduino' build argument 'cmake_target' from command line to 'None'
[0.584s] Level 5:colcon.colcon_core.verb:set package 'diffdrive_arduino' build argument 'cmake_target_skip_unavailable' from command line to 'False'
[0.584s] Level 5:colcon.colcon_core.verb:set package 'diffdrive_arduino' build argument 'cmake_clean_cache' from command line to 'False'
[0.584s] Level 5:colcon.colcon_core.verb:set package 'diffdrive_arduino' build argument 'cmake_clean_first' from command line to 'False'
[0.584s] Level 5:colcon.colcon_core.verb:set package 'diffdrive_arduino' build argument 'cmake_force_configure' from command line to 'False'
[0.584s] Level 5:colcon.colcon_core.verb:set package 'diffdrive_arduino' build argument 'ament_cmake_args' from command line to 'None'
[0.584s] Level 5:colcon.colcon_core.verb:set package 'diffdrive_arduino' build argument 'catkin_cmake_args' from command line to 'None'
[0.584s] Level 5:colcon.colcon_core.verb:set package 'diffdrive_arduino' build argument 'catkin_skip_building_tests' from command line to 'False'
[0.584s] DEBUG:colcon.colcon_core.verb:Building package 'diffdrive_arduino' with the following arguments: {'ament_cmake_args': None, 'build_base': '/home/rock/dev_ws/build/diffdrive_arduino', 'catkin_cmake_args': None, 'catkin_skip_building_tests': False, 'cmake_args': None, 'cmake_clean_cache': False, 'cmake_clean_first': False, 'cmake_force_configure': False, 'cmake_target': None, 'cmake_target_skip_unavailable': False, 'install_base': '/home/rock/dev_ws/install/diffdrive_arduino', 'merge_install': False, 'path': '/home/rock/dev_ws/src/diffdrive_arduino', 'symlink_install': True, 'test_result_base': None}
[0.584s] INFO:colcon.colcon_core.executor:Executing jobs using 'parallel' executor
[0.586s] DEBUG:colcon.colcon_parallel_executor.executor.parallel:run_until_complete
[0.586s] INFO:colcon.colcon_ros.task.ament_cmake.build:Building ROS package in '/home/rock/dev_ws/src/serial' with build type 'ament_cmake'
[0.587s] INFO:colcon.colcon_cmake.task.cmake.build:Building CMake package in '/home/rock/dev_ws/src/serial'
[0.592s] INFO:colcon.colcon_core.plugin_system:Skipping extension 'colcon_core.shell.bat': Not used on non-Windows systems
[0.592s] INFO:colcon.colcon_core.shell:Skip shell extension 'powershell' for command environment: Not usable outside of PowerShell
[0.592s] DEBUG:colcon.colcon_core.shell:Skip shell extension 'dsv' for command environment
[0.612s] INFO:colcon.colcon_ros.task.ament_cmake.build:Building ROS package in '/home/rock/dev_ws/src/articubot_jazzy' with build type 'ament_cmake'
[0.613s] INFO:colcon.colcon_cmake.task.cmake.build:Building CMake package in '/home/rock/dev_ws/src/articubot_jazzy'
[0.613s] INFO:colcon.colcon_core.shell:Skip shell extension 'powershell' for command environment: Not usable outside of PowerShell
[0.613s] DEBUG:colcon.colcon_core.shell:Skip shell extension 'dsv' for command environment
[0.644s] DEBUG:colcon.colcon_core.event_handler.log_command:Invoking command in '/home/rock/dev_ws/build/serial': CMAKE_PREFIX_PATH=${CMAKE_PREFIX_PATH}:/home/rock/ros2_ws/install/turtle_controller:/home/rock/ros2_ws/install/my_py_pkg:/home/rock/bookros2_ws/install/launch_pal:/home/rock/bookros2_ws/install/br2_fsm_bumpgo_py:/opt/ros/jazzy DEBUGINFOD_URLS=https://debuginfod.ubuntu.com /usr/bin/cmake --build /home/rock/dev_ws/build/serial -- -j8 -l8
[0.657s] DEBUG:colcon.colcon_core.event_handler.log_command:Invoking command in '/home/rock/dev_ws/build/articubot_jazzy': CMAKE_PREFIX_PATH=${CMAKE_PREFIX_PATH}:/home/rock/ros2_ws/install/turtle_controller:/home/rock/ros2_ws/install/my_py_pkg:/home/rock/bookros2_ws/install/launch_pal:/home/rock/bookros2_ws/install/br2_fsm_bumpgo_py:/opt/ros/jazzy DEBUGINFOD_URLS=https://debuginfod.ubuntu.com /usr/bin/cmake --build /home/rock/dev_ws/build/articubot_jazzy -- -j8 -l8
[0.789s] DEBUG:colcon.colcon_core.event_handler.log_command:Invoked command in '/home/rock/dev_ws/build/articubot_jazzy' returned '0': CMAKE_PREFIX_PATH=${CMAKE_PREFIX_PATH}:/home/rock/ros2_ws/install/turtle_controller:/home/rock/ros2_ws/install/my_py_pkg:/home/rock/bookros2_ws/install/launch_pal:/home/rock/bookros2_ws/install/br2_fsm_bumpgo_py:/opt/ros/jazzy DEBUGINFOD_URLS=https://debuginfod.ubuntu.com /usr/bin/cmake --build /home/rock/dev_ws/build/articubot_jazzy -- -j8 -l8
[0.824s] DEBUG:colcon.colcon_core.event_handler.log_command:Invoking command in '/home/rock/dev_ws/build/articubot_jazzy': CMAKE_PREFIX_PATH=${CMAKE_PREFIX_PATH}:/home/rock/ros2_ws/install/turtle_controller:/home/rock/ros2_ws/install/my_py_pkg:/home/rock/bookros2_ws/install/launch_pal:/home/rock/bookros2_ws/install/br2_fsm_bumpgo_py:/opt/ros/jazzy DEBUGINFOD_URLS=https://debuginfod.ubuntu.com /usr/bin/cmake --install /home/rock/dev_ws/build/articubot_jazzy
[0.899s] Level 1:colcon.colcon_core.environment:create_environment_scripts_only(articubot_jazzy)
[0.901s] DEBUG:colcon.colcon_core.event_handler.log_command:Invoked command in '/home/rock/dev_ws/build/articubot_jazzy' returned '0': CMAKE_PREFIX_PATH=${CMAKE_PREFIX_PATH}:/home/rock/ros2_ws/install/turtle_controller:/home/rock/ros2_ws/install/my_py_pkg:/home/rock/bookros2_ws/install/launch_pal:/home/rock/bookros2_ws/install/br2_fsm_bumpgo_py:/opt/ros/jazzy DEBUGINFOD_URLS=https://debuginfod.ubuntu.com /usr/bin/cmake --install /home/rock/dev_ws/build/articubot_jazzy
[0.910s] Level 1:colcon.colcon_core.environment:checking '/home/rock/dev_ws/install/articubot_jazzy' for CMake module files
[0.912s] Level 1:colcon.colcon_core.environment:checking '/home/rock/dev_ws/install/articubot_jazzy' for CMake config files
[0.912s] Level 1:colcon.colcon_core.shell:create_environment_hook('articubot_jazzy', 'cmake_prefix_path')
[0.913s] INFO:colcon.colcon_core.shell:Creating environment hook '/home/rock/dev_ws/install/articubot_jazzy/share/articubot_jazzy/hook/cmake_prefix_path.ps1'
[0.915s] INFO:colcon.colcon_core.shell:Creating environment descriptor '/home/rock/dev_ws/install/articubot_jazzy/share/articubot_jazzy/hook/cmake_prefix_path.dsv'
[0.917s] INFO:colcon.colcon_core.shell:Creating environment hook '/home/rock/dev_ws/install/articubot_jazzy/share/articubot_jazzy/hook/cmake_prefix_path.sh'
[0.920s] Level 1:colcon.colcon_core.environment:checking '/home/rock/dev_ws/install/articubot_jazzy/bin'
[0.920s] Level 1:colcon.colcon_core.environment:checking '/home/rock/dev_ws/install/articubot_jazzy/lib/pkgconfig/articubot_jazzy.pc'
[0.921s] Level 1:colcon.colcon_core.environment:checking '/home/rock/dev_ws/install/articubot_jazzy/lib/python3.12/site-packages'
[0.922s] Level 1:colcon.colcon_core.environment:checking '/home/rock/dev_ws/install/articubot_jazzy/bin'
[0.922s] INFO:colcon.colcon_core.shell:Creating package script '/home/rock/dev_ws/install/articubot_jazzy/share/articubot_jazzy/package.ps1'
[0.924s] INFO:colcon.colcon_core.shell:Creating package descriptor '/home/rock/dev_ws/install/articubot_jazzy/share/articubot_jazzy/package.dsv'
[0.925s] INFO:colcon.colcon_core.shell:Creating package script '/home/rock/dev_ws/install/articubot_jazzy/share/articubot_jazzy/package.sh'
[0.926s] INFO:colcon.colcon_core.shell:Creating package script '/home/rock/dev_ws/install/articubot_jazzy/share/articubot_jazzy/package.bash'
[0.927s] INFO:colcon.colcon_core.shell:Creating package script '/home/rock/dev_ws/install/articubot_jazzy/share/articubot_jazzy/package.zsh'
[0.928s] Level 1:colcon.colcon_core.environment:create_file_with_runtime_dependencies(/home/rock/dev_ws/install/articubot_jazzy/share/colcon-core/packages/articubot_jazzy)
[0.929s] Level 1:colcon.colcon_core.environment:create_environment_scripts_only(articubot_jazzy)
[0.930s] Level 1:colcon.colcon_core.environment:checking '/home/rock/dev_ws/install/articubot_jazzy' for CMake module files
[0.931s] Level 1:colcon.colcon_core.environment:checking '/home/rock/dev_ws/install/articubot_jazzy' for CMake config files
[0.931s] Level 1:colcon.colcon_core.shell:create_environment_hook('articubot_jazzy', 'cmake_prefix_path')
[0.931s] INFO:colcon.colcon_core.shell:Creating environment hook '/home/rock/dev_ws/install/articubot_jazzy/share/articubot_jazzy/hook/cmake_prefix_path.ps1'
[0.932s] INFO:colcon.colcon_core.shell:Creating environment descriptor '/home/rock/dev_ws/install/articubot_jazzy/share/articubot_jazzy/hook/cmake_prefix_path.dsv'
[0.933s] INFO:colcon.colcon_core.shell:Creating environment hook '/home/rock/dev_ws/install/articubot_jazzy/share/articubot_jazzy/hook/cmake_prefix_path.sh'
[0.934s] Level 1:colcon.colcon_core.environment:checking '/home/rock/dev_ws/install/articubot_jazzy/bin'
[0.934s] Level 1:colcon.colcon_core.environment:checking '/home/rock/dev_ws/install/articubot_jazzy/lib/pkgconfig/articubot_jazzy.pc'
[0.935s] Level 1:colcon.colcon_core.environment:checking '/home/rock/dev_ws/install/articubot_jazzy/lib/python3.12/site-packages'
[0.935s] Level 1:colcon.colcon_core.environment:checking '/home/rock/dev_ws/install/articubot_jazzy/bin'
[0.936s] INFO:colcon.colcon_core.shell:Creating package script '/home/rock/dev_ws/install/articubot_jazzy/share/articubot_jazzy/package.ps1'
[0.938s] INFO:colcon.colcon_core.shell:Creating package descriptor '/home/rock/dev_ws/install/articubot_jazzy/share/articubot_jazzy/package.dsv'
[0.940s] INFO:colcon.colcon_core.shell:Creating package script '/home/rock/dev_ws/install/articubot_jazzy/share/articubot_jazzy/package.sh'
[0.941s] INFO:colcon.colcon_core.shell:Creating package script '/home/rock/dev_ws/install/articubot_jazzy/share/articubot_jazzy/package.bash'
[0.942s] INFO:colcon.colcon_core.shell:Creating package script '/home/rock/dev_ws/install/articubot_jazzy/share/articubot_jazzy/package.zsh'
[0.943s] Level 1:colcon.colcon_core.environment:create_file_with_runtime_dependencies(/home/rock/dev_ws/install/articubot_jazzy/share/colcon-core/packages/articubot_jazzy)
[0.958s] DEBUG:colcon.colcon_core.event_handler.log_command:Invoked command in '/home/rock/dev_ws/build/serial' returned '0': CMAKE_PREFIX_PATH=${CMAKE_PREFIX_PATH}:/home/rock/ros2_ws/install/turtle_controller:/home/rock/ros2_ws/install/my_py_pkg:/home/rock/bookros2_ws/install/launch_pal:/home/rock/bookros2_ws/install/br2_fsm_bumpgo_py:/opt/ros/jazzy DEBUGINFOD_URLS=https://debuginfod.ubuntu.com /usr/bin/cmake --build /home/rock/dev_ws/build/serial -- -j8 -l8
[0.961s] DEBUG:colcon.colcon_core.event_handler.log_command:Invoking command in '/home/rock/dev_ws/build/serial': CMAKE_PREFIX_PATH=${CMAKE_PREFIX_PATH}:/home/rock/ros2_ws/install/turtle_controller:/home/rock/ros2_ws/install/my_py_pkg:/home/rock/bookros2_ws/install/launch_pal:/home/rock/bookros2_ws/install/br2_fsm_bumpgo_py:/opt/ros/jazzy DEBUGINFOD_URLS=https://debuginfod.ubuntu.com /usr/bin/cmake --install /home/rock/dev_ws/build/serial
[1.116s] Level 1:colcon.colcon_core.environment:create_environment_scripts_only(serial)
[1.117s] Level 1:colcon.colcon_core.environment:checking '/home/rock/dev_ws/install/serial' for CMake module files
[1.120s] DEBUG:colcon.colcon_core.event_handler.log_command:Invoked command in '/home/rock/dev_ws/build/serial' returned '0': CMAKE_PREFIX_PATH=${CMAKE_PREFIX_PATH}:/home/rock/ros2_ws/install/turtle_controller:/home/rock/ros2_ws/install/my_py_pkg:/home/rock/bookros2_ws/install/launch_pal:/home/rock/bookros2_ws/install/br2_fsm_bumpgo_py:/opt/ros/jazzy DEBUGINFOD_URLS=https://debuginfod.ubuntu.com /usr/bin/cmake --install /home/rock/dev_ws/build/serial
[1.122s] Level 1:colcon.colcon_core.environment:checking '/home/rock/dev_ws/install/serial' for CMake config files
[1.123s] Level 1:colcon.colcon_core.shell:create_environment_hook('serial', 'cmake_prefix_path')
[1.124s] INFO:colcon.colcon_core.shell:Creating environment hook '/home/rock/dev_ws/install/serial/share/serial/hook/cmake_prefix_path.ps1'
[1.126s] INFO:colcon.colcon_core.shell:Creating environment descriptor '/home/rock/dev_ws/install/serial/share/serial/hook/cmake_prefix_path.dsv'
[1.127s] INFO:colcon.colcon_core.shell:Creating environment hook '/home/rock/dev_ws/install/serial/share/serial/hook/cmake_prefix_path.sh'
[1.130s] Level 1:colcon.colcon_core.environment:checking '/home/rock/dev_ws/install/serial/lib'
[1.131s] Level 1:colcon.colcon_core.environment:checking '/home/rock/dev_ws/install/serial/bin'
[1.131s] Level 1:colcon.colcon_core.environment:checking '/home/rock/dev_ws/install/serial/lib/pkgconfig/serial.pc'
[1.132s] Level 1:colcon.colcon_core.environment:checking '/home/rock/dev_ws/install/serial/lib/python3.12/site-packages'
[1.134s] Level 1:colcon.colcon_core.environment:checking '/home/rock/dev_ws/install/serial/bin'
[1.135s] INFO:colcon.colcon_core.shell:Creating package script '/home/rock/dev_ws/install/serial/share/serial/package.ps1'
[1.136s] INFO:colcon.colcon_core.shell:Creating package descriptor '/home/rock/dev_ws/install/serial/share/serial/package.dsv'
[1.138s] INFO:colcon.colcon_core.shell:Creating package script '/home/rock/dev_ws/install/serial/share/serial/package.sh'
[1.140s] INFO:colcon.colcon_core.shell:Creating package script '/home/rock/dev_ws/install/serial/share/serial/package.bash'
[1.141s] INFO:colcon.colcon_core.shell:Creating package script '/home/rock/dev_ws/install/serial/share/serial/package.zsh'
[1.142s] Level 1:colcon.colcon_core.environment:create_file_with_runtime_dependencies(/home/rock/dev_ws/install/serial/share/colcon-core/packages/serial)
[1.144s] Level 1:colcon.colcon_core.environment:create_environment_scripts_only(serial)
[1.145s] Level 1:colcon.colcon_core.environment:checking '/home/rock/dev_ws/install/serial' for CMake module files
[1.147s] Level 1:colcon.colcon_core.environment:checking '/home/rock/dev_ws/install/serial' for CMake config files
[1.148s] Level 1:colcon.colcon_core.shell:create_environment_hook('serial', 'cmake_prefix_path')
[1.149s] INFO:colcon.colcon_core.shell:Creating environment hook '/home/rock/dev_ws/install/serial/share/serial/hook/cmake_prefix_path.ps1'
[1.151s] INFO:colcon.colcon_core.shell:Creating environment descriptor '/home/rock/dev_ws/install/serial/share/serial/hook/cmake_prefix_path.dsv'
[1.152s] INFO:colcon.colcon_core.shell:Creating environment hook '/home/rock/dev_ws/install/serial/share/serial/hook/cmake_prefix_path.sh'
[1.155s] Level 1:colcon.colcon_core.environment:checking '/home/rock/dev_ws/install/serial/lib'
[1.155s] Level 1:colcon.colcon_core.environment:checking '/home/rock/dev_ws/install/serial/bin'
[1.155s] Level 1:colcon.colcon_core.environment:checking '/home/rock/dev_ws/install/serial/lib/pkgconfig/serial.pc'
[1.156s] Level 1:colcon.colcon_core.environment:checking '/home/rock/dev_ws/install/serial/lib/python3.12/site-packages'
[1.158s] Level 1:colcon.colcon_core.environment:checking '/home/rock/dev_ws/install/serial/bin'
[1.158s] INFO:colcon.colcon_core.shell:Creating package script '/home/rock/dev_ws/install/serial/share/serial/package.ps1'
[1.160s] INFO:colcon.colcon_core.shell:Creating package descriptor '/home/rock/dev_ws/install/serial/share/serial/package.dsv'
[1.162s] INFO:colcon.colcon_core.shell:Creating package script '/home/rock/dev_ws/install/serial/share/serial/package.sh'
[1.164s] INFO:colcon.colcon_core.shell:Creating package script '/home/rock/dev_ws/install/serial/share/serial/package.bash'
[1.166s] INFO:colcon.colcon_core.shell:Creating package script '/home/rock/dev_ws/install/serial/share/serial/package.zsh'
[1.169s] Level 1:colcon.colcon_core.environment:create_file_with_runtime_dependencies(/home/rock/dev_ws/install/serial/share/colcon-core/packages/serial)
[1.170s] INFO:colcon.colcon_ros.task.ament_cmake.build:Building ROS package in '/home/rock/dev_ws/src/diffdrive_arduino' with build type 'ament_cmake'
[1.171s] INFO:colcon.colcon_cmake.task.cmake.build:Building CMake package in '/home/rock/dev_ws/src/diffdrive_arduino'
[1.171s] INFO:colcon.colcon_core.shell:Skip shell extension 'powershell' for command environment: Not usable outside of PowerShell
[1.172s] DEBUG:colcon.colcon_core.shell:Skip shell extension 'dsv' for command environment
[1.264s] DEBUG:colcon.colcon_core.event_handler.log_command:Invoking command in '/home/rock/dev_ws/build/diffdrive_arduino': AMENT_PREFIX_PATH=/home/rock/dev_ws/install/serial:${AMENT_PREFIX_PATH} CMAKE_PREFIX_PATH=/home/rock/dev_ws/install/serial:/home/rock/ros2_ws/install/my_robot_bringup:/home/rock/ros2_ws/install/my_cpp_pkg:/home/rock/ros2_ws/install/my_robot_interfaces:/home/rock/bookros2_ws/install/br2_deep_ros:/home/rock/bookros2_ws/install/yaets:/home/rock/bookros2_ws/install/tiago_simulation:/home/rock/bookros2_ws/install/tiago_robot:/home/rock/bookros2_ws/install/tiago_navigation:/home/rock/bookros2_ws/install/tiago_gazebo:/home/rock/bookros2_ws/install/tiago_moveit_config:/home/rock/bookros2_ws/install/tiago_2dnav:/home/rock/bookros2_ws/install/tiago_laser_sensors:/home/rock/bookros2_ws/install/tiago_bringup:/home/rock/bookros2_ws/install/tiago_description:/home/rock/bookros2_ws/install/tiago_controller_configuration:/home/rock/bookros2_ws/install/pmb2_robot:/home/rock/bookros2_ws/install/pmb2_rgbd_sensors:/home/rock/bookros2_ws/install/pmb2_navigation:/home/rock/bookros2_ws/install/pmb2_laser_sensors:/home/rock/bookros2_ws/install/pmb2_bringup:/home/rock/bookros2_ws/install/pmb2_description:/home/rock/bookros2_ws/install/pmb2_controller_configuration:/home/rock/bookros2_ws/install/pmb2_2dnav:/home/rock/bookros2_ws/install/play_motion2:/home/rock/bookros2_ws/install/play_motion2_msgs:/home/rock/bookros2_ws/install/pal_hey5:/home/rock/bookros2_ws/install/pal_hey5_description:/home/rock/bookros2_ws/install/pal_gripper_simulation:/home/rock/bookros2_ws/install/pal_gripper:/home/rock/bookros2_ws/install/pal_gripper_description:/home/rock/bookros2_ws/install/omni_base_robot:/home/rock/bookros2_ws/install/omni_base_bringup:/home/rock/bookros2_ws/install/omni_base_description:/home/rock/bookros2_ws/install/pal_urdf_utils:/home/rock/bookros2_ws/install/pal_robotiq_gripper:/home/rock/bookros2_ws/install/pal_robotiq_description:/home/rock/bookros2_ws/install/pal_robotiq_controller_configuration:/home/rock/bookros2_ws/install/pal_maps:/home/rock/bookros2_ws/install/pal_hey5_controller_configuration:/home/rock/bookros2_ws/install/pal_gripper_controller_configuration:/home/rock/bookros2_ws/install/omni_base_controller_configuration:/home/rock/bookros2_ws/install/groot:/home/rock/bookros2_ws/install/br2_vff_avoidance:/home/rock/bookros2_ws/install/br2_tracking:/home/rock/bookros2_ws/install/br2_tracking_msgs:/home/rock/bookros2_ws/install/br2_tiago:/home/rock/bookros2_ws/install/br2_tf2_detector:/home/rock/bookros2_ws/install/br2_navigation:/home/rock/bookros2_ws/install/br2_gazebo_worlds:/home/rock/bookros2_ws/install/br2_fsm_bumpgo_cpp:/home/rock/bookros2_ws/install/br2_bt_patrolling:/home/rock/bookros2_ws/install/br2_bt_bumpgo:/home/rock/bookros2_ws/install/br2_basics:/home/rock/bookros2_ws/install/behaviortree_cpp_v3:/opt/ros/jazzy/opt/gz_sim_vendor:/opt/ros/jazzy/opt/gz_sensors_vendor:/opt/ros/jazzy/opt/gz_physics_vendor:/opt/ros/jazzy/opt/sdformat_vendor:/opt/ros/jazzy/opt/gz_gui_vendor:/opt/ros/jazzy/opt/gz_transport_vendor:/opt/ros/jazzy/opt/gz_rendering_vendor:/opt/ros/jazzy/opt/gz_plugin_vendor:/opt/ros/jazzy/opt/gz_fuel_tools_vendor:/opt/ros/jazzy/opt/gz_msgs_vendor:/opt/ros/jazzy/opt/gz_common_vendor:/opt/ros/jazzy/opt/gz_math_vendor:/opt/ros/jazzy/opt/gz_utils_vendor:/opt/ros/jazzy/opt/gz_tools_vendor:/opt/ros/jazzy/opt/gz_ogre_next_vendor:/opt/ros/jazzy/opt/gz_dartsim_vendor:/opt/ros/jazzy/opt/gz_cmake_vendor:/home/rock/ros2_ws/install/turtle_controller:/home/rock/ros2_ws/install/my_py_pkg:/home/rock/bookros2_ws/install/launch_pal:/home/rock/bookros2_ws/install/br2_fsm_bumpgo_py:/opt/ros/jazzy DEBUGINFOD_URLS=https://debuginfod.ubuntu.com LD_LIBRARY_PATH=/home/rock/dev_ws/install/serial/lib:${LD_LIBRARY_PATH} /usr/bin/cmake --build /home/rock/dev_ws/build/diffdrive_arduino -- -j8 -l8
[2.422s] DEBUG:colcon.colcon_core.event_handler.log_command:Invoked command in '/home/rock/dev_ws/build/diffdrive_arduino' returned '2': AMENT_PREFIX_PATH=/home/rock/dev_ws/install/serial:${AMENT_PREFIX_PATH} CMAKE_PREFIX_PATH=/home/rock/dev_ws/install/serial:/home/rock/ros2_ws/install/my_robot_bringup:/home/rock/ros2_ws/install/my_cpp_pkg:/home/rock/ros2_ws/install/my_robot_interfaces:/home/rock/bookros2_ws/install/br2_deep_ros:/home/rock/bookros2_ws/install/yaets:/home/rock/bookros2_ws/install/tiago_simulation:/home/rock/bookros2_ws/install/tiago_robot:/home/rock/bookros2_ws/install/tiago_navigation:/home/rock/bookros2_ws/install/tiago_gazebo:/home/rock/bookros2_ws/install/tiago_moveit_config:/home/rock/bookros2_ws/install/tiago_2dnav:/home/rock/bookros2_ws/install/tiago_laser_sensors:/home/rock/bookros2_ws/install/tiago_bringup:/home/rock/bookros2_ws/install/tiago_description:/home/rock/bookros2_ws/install/tiago_controller_configuration:/home/rock/bookros2_ws/install/pmb2_robot:/home/rock/bookros2_ws/install/pmb2_rgbd_sensors:/home/rock/bookros2_ws/install/pmb2_navigation:/home/rock/bookros2_ws/install/pmb2_laser_sensors:/home/rock/bookros2_ws/install/pmb2_bringup:/home/rock/bookros2_ws/install/pmb2_description:/home/rock/bookros2_ws/install/pmb2_controller_configuration:/home/rock/bookros2_ws/install/pmb2_2dnav:/home/rock/bookros2_ws/install/play_motion2:/home/rock/bookros2_ws/install/play_motion2_msgs:/home/rock/bookros2_ws/install/pal_hey5:/home/rock/bookros2_ws/install/pal_hey5_description:/home/rock/bookros2_ws/install/pal_gripper_simulation:/home/rock/bookros2_ws/install/pal_gripper:/home/rock/bookros2_ws/install/pal_gripper_description:/home/rock/bookros2_ws/install/omni_base_robot:/home/rock/bookros2_ws/install/omni_base_bringup:/home/rock/bookros2_ws/install/omni_base_description:/home/rock/bookros2_ws/install/pal_urdf_utils:/home/rock/bookros2_ws/install/pal_robotiq_gripper:/home/rock/bookros2_ws/install/pal_robotiq_description:/home/rock/bookros2_ws/install/pal_robotiq_controller_configuration:/home/rock/bookros2_ws/install/pal_maps:/home/rock/bookros2_ws/install/pal_hey5_controller_configuration:/home/rock/bookros2_ws/install/pal_gripper_controller_configuration:/home/rock/bookros2_ws/install/omni_base_controller_configuration:/home/rock/bookros2_ws/install/groot:/home/rock/bookros2_ws/install/br2_vff_avoidance:/home/rock/bookros2_ws/install/br2_tracking:/home/rock/bookros2_ws/install/br2_tracking_msgs:/home/rock/bookros2_ws/install/br2_tiago:/home/rock/bookros2_ws/install/br2_tf2_detector:/home/rock/bookros2_ws/install/br2_navigation:/home/rock/bookros2_ws/install/br2_gazebo_worlds:/home/rock/bookros2_ws/install/br2_fsm_bumpgo_cpp:/home/rock/bookros2_ws/install/br2_bt_patrolling:/home/rock/bookros2_ws/install/br2_bt_bumpgo:/home/rock/bookros2_ws/install/br2_basics:/home/rock/bookros2_ws/install/behaviortree_cpp_v3:/opt/ros/jazzy/opt/gz_sim_vendor:/opt/ros/jazzy/opt/gz_sensors_vendor:/opt/ros/jazzy/opt/gz_physics_vendor:/opt/ros/jazzy/opt/sdformat_vendor:/opt/ros/jazzy/opt/gz_gui_vendor:/opt/ros/jazzy/opt/gz_transport_vendor:/opt/ros/jazzy/opt/gz_rendering_vendor:/opt/ros/jazzy/opt/gz_plugin_vendor:/opt/ros/jazzy/opt/gz_fuel_tools_vendor:/opt/ros/jazzy/opt/gz_msgs_vendor:/opt/ros/jazzy/opt/gz_common_vendor:/opt/ros/jazzy/opt/gz_math_vendor:/opt/ros/jazzy/opt/gz_utils_vendor:/opt/ros/jazzy/opt/gz_tools_vendor:/opt/ros/jazzy/opt/gz_ogre_next_vendor:/opt/ros/jazzy/opt/gz_dartsim_vendor:/opt/ros/jazzy/opt/gz_cmake_vendor:/home/rock/ros2_ws/install/turtle_controller:/home/rock/ros2_ws/install/my_py_pkg:/home/rock/bookros2_ws/install/launch_pal:/home/rock/bookros2_ws/install/br2_fsm_bumpgo_py:/opt/ros/jazzy DEBUGINFOD_URLS=https://debuginfod.ubuntu.com LD_LIBRARY_PATH=/home/rock/dev_ws/install/serial/lib:${LD_LIBRARY_PATH} /usr/bin/cmake --build /home/rock/dev_ws/build/diffdrive_arduino -- -j8 -l8
[2.423s] Level 1:colcon.colcon_core.environment:create_environment_scripts_only(diffdrive_arduino)
[2.423s] Level 1:colcon.colcon_core.environment:checking '/home/rock/dev_ws/install/diffdrive_arduino' for CMake module files
[2.424s] Level 1:colcon.colcon_core.environment:checking '/home/rock/dev_ws/install/diffdrive_arduino' for CMake config files
[2.424s] Level 1:colcon.colcon_core.environment:checking '/home/rock/dev_ws/install/diffdrive_arduino/bin'
[2.425s] Level 1:colcon.colcon_core.environment:checking '/home/rock/dev_ws/install/diffdrive_arduino/lib/pkgconfig/diffdrive_arduino.pc'
[2.425s] Level 1:colcon.colcon_core.environment:checking '/home/rock/dev_ws/install/diffdrive_arduino/lib/python3.12/site-packages'
[2.426s] Level 1:colcon.colcon_core.environment:checking '/home/rock/dev_ws/install/diffdrive_arduino/bin'
[2.426s] INFO:colcon.colcon_core.shell:Creating package script '/home/rock/dev_ws/install/diffdrive_arduino/share/diffdrive_arduino/package.ps1'
[2.427s] INFO:colcon.colcon_core.shell:Creating package descriptor '/home/rock/dev_ws/install/diffdrive_arduino/share/diffdrive_arduino/package.dsv'
[2.427s] INFO:colcon.colcon_core.shell:Creating package script '/home/rock/dev_ws/install/diffdrive_arduino/share/diffdrive_arduino/package.sh'
[2.428s] INFO:colcon.colcon_core.shell:Creating package script '/home/rock/dev_ws/install/diffdrive_arduino/share/diffdrive_arduino/package.bash'
[2.429s] INFO:colcon.colcon_core.shell:Creating package script '/home/rock/dev_ws/install/diffdrive_arduino/share/diffdrive_arduino/package.zsh'
[2.430s] Level 1:colcon.colcon_core.environment:create_file_with_runtime_dependencies(/home/rock/dev_ws/install/diffdrive_arduino/share/colcon-core/packages/diffdrive_arduino)
[2.440s] DEBUG:colcon.colcon_parallel_executor.executor.parallel:closing loop
[2.440s] DEBUG:colcon.colcon_parallel_executor.executor.parallel:loop closed
[2.440s] DEBUG:colcon.colcon_parallel_executor.executor.parallel:run_until_complete finished with '2'
[2.441s] DEBUG:colcon.colcon_core.event_reactor:joining thread
[2.452s] INFO:colcon.colcon_core.plugin_system:Skipping extension 'colcon_notification.desktop_notification.terminal_notifier': Not used on non-Darwin systems
[2.452s] INFO:colcon.colcon_core.plugin_system:Skipping extension 'colcon_notification.desktop_notification.win32': Not used on non-Windows systems
[2.452s] INFO:colcon.colcon_notification.desktop_notification:Sending desktop notification using 'notify2'
[2.482s] DEBUG:colcon.colcon_core.event_reactor:joined thread
[2.482s] INFO:colcon.colcon_core.shell:Creating prefix script '/home/rock/dev_ws/install/local_setup.ps1'
[2.484s] INFO:colcon.colcon_core.shell:Creating prefix util module '/home/rock/dev_ws/install/_local_setup_util_ps1.py'
[2.486s] INFO:colcon.colcon_core.shell:Creating prefix chain script '/home/rock/dev_ws/install/setup.ps1'
[2.495s] INFO:colcon.colcon_core.shell:Creating prefix script '/home/rock/dev_ws/install/local_setup.sh'
[2.496s] INFO:colcon.colcon_core.shell:Creating prefix util module '/home/rock/dev_ws/install/_local_setup_util_sh.py'
[2.497s] INFO:colcon.colcon_core.shell:Creating prefix chain script '/home/rock/dev_ws/install/setup.sh'
[2.505s] INFO:colcon.colcon_core.shell:Creating prefix script '/home/rock/dev_ws/install/local_setup.bash'
[2.506s] INFO:colcon.colcon_core.shell:Creating prefix chain script '/home/rock/dev_ws/install/setup.bash'
[2.514s] INFO:colcon.colcon_core.shell:Creating prefix script '/home/rock/dev_ws/install/local_setup.zsh'
[2.515s] INFO:colcon.colcon_core.shell:Creating prefix chain script '/home/rock/dev_ws/install/setup.zsh'
