[0.048s] Invoking command in '/home/rock/dev_ws/build/serial': CMAKE_PREFIX_PATH=${CMAKE_PREFIX_PATH}:/home/rock/ros2_ws/install/turtle_controller:/home/rock/ros2_ws/install/my_py_pkg:/home/rock/bookros2_ws/install/launch_pal:/home/rock/bookros2_ws/install/br2_fsm_bumpgo_py:/opt/ros/jazzy DEBUGINFOD_URLS=https://debuginfod.ubuntu.com /usr/bin/cmake /home/rock/dev_ws/src/serial -DAMENT_CMAKE_SYMLINK_INSTALL=1 -DCMAKE_INSTALL_PREFIX=/home/rock/dev_ws/install/serial
[0.190s] -- The C compiler identification is GNU 13.3.0
[0.321s] -- The CXX compiler identification is GNU 13.3.0
[0.364s] -- Detecting C compiler ABI info
[0.743s] -- Detecting C compiler ABI info - done
[0.761s] -- Check for working C compiler: /usr/bin/cc - skipped
[0.761s] -- Detecting C compile features
[0.762s] -- Detecting C compile features - done
[0.783s] -- Detecting CXX compiler ABI info
[1.317s] -- Detecting CXX compiler ABI info - done
[1.357s] -- Check for working CXX compiler: /usr/bin/c++ - skipped
[1.358s] -- Detecting CXX compile features
[1.360s] -- Detecting CXX compile features - done
[1.393s] -- Found ament_cmake: 2.5.4 (/opt/ros/jazzy/share/ament_cmake/cmake)
[1.862s] -- Found Python3: /usr/bin/python3 (found version "3.12.3") found components: Interpreter 
[2.005s] -- Override CMake install command with custom implementation using symlinks instead of copying resources
[2.329s] -- Found ament_cmake_gtest: 2.5.4 (/opt/ros/jazzy/share/ament_cmake_gtest/cmake)
[2.384s] -- Found Boost: /usr/lib/x86_64-linux-gnu/cmake/Boost-1.83.0/BoostConfig.cmake (found version "1.83.0")  
[2.408s] -- Found gtest sources under '/opt/ros/jazzy/src/gtest_vendor': C++ tests using 'Google Test' will be built
[2.411s] -- Performing Test CMAKE_HAVE_LIBC_PTHREAD
[2.757s] -- Performing Test CMAKE_HAVE_LIBC_PTHREAD - Success
[2.762s] -- Found Threads: TRUE  
[3.059s] -- Configuring done (3.0s)
[3.088s] -- Generating done (0.0s)
[3.096s] -- Build files have been written to: /home/rock/dev_ws/build/serial
[3.107s] Invoked command in '/home/rock/dev_ws/build/serial' returned '0': CMAKE_PREFIX_PATH=${CMAKE_PREFIX_PATH}:/home/rock/ros2_ws/install/turtle_controller:/home/rock/ros2_ws/install/my_py_pkg:/home/rock/bookros2_ws/install/launch_pal:/home/rock/bookros2_ws/install/br2_fsm_bumpgo_py:/opt/ros/jazzy DEBUGINFOD_URLS=https://debuginfod.ubuntu.com /usr/bin/cmake /home/rock/dev_ws/src/serial -DAMENT_CMAKE_SYMLINK_INSTALL=1 -DCMAKE_INSTALL_PREFIX=/home/rock/dev_ws/install/serial
[3.109s] Invoking command in '/home/rock/dev_ws/build/serial': CMAKE_PREFIX_PATH=${CMAKE_PREFIX_PATH}:/home/rock/ros2_ws/install/turtle_controller:/home/rock/ros2_ws/install/my_py_pkg:/home/rock/bookros2_ws/install/launch_pal:/home/rock/bookros2_ws/install/br2_fsm_bumpgo_py:/opt/ros/jazzy DEBUGINFOD_URLS=https://debuginfod.ubuntu.com /usr/bin/cmake --build /home/rock/dev_ws/build/serial -- -j8 -l8
[3.411s] [  7%] [32mBuilding CXX object CMakeFiles/serial.dir/src/serial.cc.o[0m
[3.413s] [ 14%] [32mBuilding CXX object gtest/CMakeFiles/gtest.dir/src/gtest-all.cc.o[0m
[3.414s] [ 21%] [32mBuilding CXX object CMakeFiles/serial.dir/src/impl/list_ports/list_ports_linux.cc.o[0m
[3.435s] [ 28%] [32mBuilding CXX object gtest/CMakeFiles/gtest_main.dir/src/gtest_main.cc.o[0m
[3.438s] [ 35%] [32mBuilding CXX object CMakeFiles/serial.dir/src/impl/unix.cc.o[0m
[5.056s] [ 42%] [32m[1mLinking CXX static library libserial.a[0m
[5.301s] [ 42%] Built target serial
[5.405s] [ 50%] [32mBuilding CXX object CMakeFiles/serial_example.dir/examples/serial_example.cc.o[0m
[6.266s] [ 57%] [32m[1mLinking CXX executable serial_example[0m
[6.354s] [ 64%] [32m[1mLinking CXX static library libgtest_main.a[0m
[6.480s] [ 64%] Built target serial_example
[6.554s] [ 64%] Built target gtest_main
[12.415s] [ 71%] [32m[1mLinking CXX static library libgtest.a[0m
[12.738s] [ 71%] Built target gtest
[12.820s] [ 78%] [32mBuilding CXX object tests/CMakeFiles/serial-test-timer.dir/unit/unix_timer_tests.cc.o[0m
[12.821s] [ 85%] [32mBuilding CXX object tests/CMakeFiles/serial-test.dir/unix_serial_tests.cc.o[0m
[14.824s] In file included from [01m[K/usr/include/boost/bind/detail/requires_cxx11.hpp:9[m[K,
[14.824s]                  from [01m[K/usr/include/boost/bind/bind.hpp:24[m[K,
[14.824s]                  from [01m[K/usr/include/boost/bind.hpp:29[m[K,
[14.825s]                  from [01m[K/home/rock/dev_ws/src/serial/tests/unix_serial_tests.cc:23[m[K:
[14.825s] [01m[K/usr/include/boost/bind.hpp:36:1:[m[K [01;36m[Knote: [m[K‘[01m[K#pragma message: The practice of declaring the Bind placeholders (_1, _2, ...) in the global namespace is deprecated. Please use <boost/bind/bind.hpp> + using namespace boost::placeholders, or define BOOST_BIND_GLOBAL_PLACEHOLDERS to retain the current behavior.[m[K’
[14.825s]    36 | [01;36m[KBOOST_PRAGMA_MESSAGE[m[K(
[14.825s]       | [01;36m[K^~~~~~~~~~~~~~~~~~~~[m[K
[15.305s] [ 92%] [32m[1mLinking CXX executable serial-test-timer[0m
[15.597s] [100%] [32m[1mLinking CXX executable serial-test[0m
[15.644s] [100%] Built target serial-test-timer
[16.107s] [100%] Built target serial-test
[16.171s] Invoked command in '/home/rock/dev_ws/build/serial' returned '0': CMAKE_PREFIX_PATH=${CMAKE_PREFIX_PATH}:/home/rock/ros2_ws/install/turtle_controller:/home/rock/ros2_ws/install/my_py_pkg:/home/rock/bookros2_ws/install/launch_pal:/home/rock/bookros2_ws/install/br2_fsm_bumpgo_py:/opt/ros/jazzy DEBUGINFOD_URLS=https://debuginfod.ubuntu.com /usr/bin/cmake --build /home/rock/dev_ws/build/serial -- -j8 -l8
[16.180s] Invoking command in '/home/rock/dev_ws/build/serial': CMAKE_PREFIX_PATH=${CMAKE_PREFIX_PATH}:/home/rock/ros2_ws/install/turtle_controller:/home/rock/ros2_ws/install/my_py_pkg:/home/rock/bookros2_ws/install/launch_pal:/home/rock/bookros2_ws/install/br2_fsm_bumpgo_py:/opt/ros/jazzy DEBUGINFOD_URLS=https://debuginfod.ubuntu.com /usr/bin/cmake --install /home/rock/dev_ws/build/serial
[16.265s] -- Install configuration: ""
[16.268s] -- Execute custom install script
[16.270s] -- Symlinking: /home/rock/dev_ws/install/serial/lib/libserial.a
[16.343s] -- Symlinking: /home/rock/dev_ws/install/serial/include/serial/serial.h
[16.413s] -- Symlinking: /home/rock/dev_ws/install/serial/include/serial/v8stdint.h
[16.481s] -- Symlinking: /home/rock/dev_ws/install/serial/share/serial/environment/library_path.sh
[16.550s] -- Symlinking: /home/rock/dev_ws/install/serial/share/serial/environment/library_path.dsv
[16.625s] -- Symlinking: /home/rock/dev_ws/install/serial/share/ament_index/resource_index/package_run_dependencies/serial
[16.694s] -- Symlinking: /home/rock/dev_ws/install/serial/share/ament_index/resource_index/parent_prefix_path/serial
[16.766s] -- Symlinking: /home/rock/dev_ws/install/serial/share/serial/environment/ament_prefix_path.sh
[16.801s] -- Symlinking: /home/rock/dev_ws/install/serial/share/serial/environment/ament_prefix_path.dsv
[16.836s] -- Symlinking: /home/rock/dev_ws/install/serial/share/serial/environment/path.sh
[16.869s] -- Symlinking: /home/rock/dev_ws/install/serial/share/serial/environment/path.dsv
[16.903s] -- Symlinking: /home/rock/dev_ws/install/serial/share/serial/local_setup.bash
[16.936s] -- Symlinking: /home/rock/dev_ws/install/serial/share/serial/local_setup.sh
[16.966s] -- Symlinking: /home/rock/dev_ws/install/serial/share/serial/local_setup.zsh
[16.994s] -- Symlinking: /home/rock/dev_ws/install/serial/share/serial/local_setup.dsv
[17.021s] -- Symlinking: /home/rock/dev_ws/install/serial/share/serial/package.dsv
[17.049s] -- Symlinking: /home/rock/dev_ws/install/serial/share/ament_index/resource_index/packages/serial
[17.076s] -- Symlinking: /home/rock/dev_ws/install/serial/share/serial/cmake/ament_cmake_export_include_directories-extras.cmake
[17.103s] -- Symlinking: /home/rock/dev_ws/install/serial/share/serial/cmake/ament_cmake_export_libraries-extras.cmake
[17.131s] -- Symlinking: /home/rock/dev_ws/install/serial/share/serial/cmake/serialConfig.cmake
[17.158s] -- Symlinking: /home/rock/dev_ws/install/serial/share/serial/cmake/serialConfig-version.cmake
[17.187s] -- Symlinking: /home/rock/dev_ws/install/serial/share/serial/package.xml
[17.220s] Invoked command in '/home/rock/dev_ws/build/serial' returned '0': CMAKE_PREFIX_PATH=${CMAKE_PREFIX_PATH}:/home/rock/ros2_ws/install/turtle_controller:/home/rock/ros2_ws/install/my_py_pkg:/home/rock/bookros2_ws/install/launch_pal:/home/rock/bookros2_ws/install/br2_fsm_bumpgo_py:/opt/ros/jazzy DEBUGINFOD_URLS=https://debuginfod.ubuntu.com /usr/bin/cmake --install /home/rock/dev_ws/build/serial
